<?xml version="1.0" encoding="UTF-8"?>
<!-- Generated by org.testng.reporters.JUnitXMLReporter -->
<testsuite hostname="Jayarees-MacBook-Pro.local" ignored="0" name="Smoke Tests" tests="32" failures="2" timestamp="06 Dec 2019 18:58:33 GMT" time="322.758" errors="0">
  <testcase name="i_am_a_user_of_Axate_and_I_am_on_the_registration_page_through_popbitch_FUN" time="12.751" classname="Stepdef.Popbitch.POPSMO21_Read_Updates_On_Date_Wallet_Back"/>
  <testcase name="i_register_successfully_on_popbitch_with_one_pound" time="21.47" classname="Stepdef.Popbitch.POPSMO21_Read_Updates_On_Date_Wallet_Back"/>
  <testcase name="i_read_an_article_on_popbitch" time="6.689" classname="Stepdef.Popbitch.POPSMO21_Read_Updates_On_Date_Wallet_Back"/>
  <testcase name="i_display_the_datetime_of_the_article_read" time="0.006" classname="Stepdef.Popbitch.POPSMO21_Read_Updates_On_Date_Wallet_Back"/>
  <testcase name="i_open_the_wallet" time="0.049" classname="Stepdef.Popbitch.POPSMO21_Read_Updates_On_Date_Wallet_Back"/>
  <testcase name="i_flip_the_wallet" time="4.16" classname="Stepdef.Popbitch.POPSMO21_Read_Updates_On_Date_Wallet_Back"/>
  <testcase name="the_updates_on_date_on_the_back_of_the_wallet_is_seven_days_from_datetime_noted_when_I_read_the_first_article" time="4.083" classname="Stepdef.Popbitch.POPSMO21_Read_Updates_On_Date_Wallet_Back"/>
  <testcase name="i_am_a_user_of_Axate_and_I_am_on_the_registration_page_through_popbitch_FUN" time="8.298" classname="Stepdef.Popbitch.POPSMO22_Free_Point_Updates_On_Date_Wallet_Back"/>
  <testcase name="i_register_successfully_on_popbitch_with_one_pound" time="21.19" classname="Stepdef.Popbitch.POPSMO22_Free_Point_Updates_On_Date_Wallet_Back"/>
  <testcase name="i_acheive_freeperiod_on_popbitch" time="14.952" classname="Stepdef.Popbitch.POPSMO22_Free_Point_Updates_On_Date_Wallet_Back"/>
  <testcase name="i_display_the_datetime_of_the_first_article_read" time="0.001" classname="Stepdef.Popbitch.POPSMO22_Free_Point_Updates_On_Date_Wallet_Back"/>
  <testcase name="i_open_the_wallet" time="0.001" classname="Stepdef.Popbitch.POPSMO22_Free_Point_Updates_On_Date_Wallet_Back"/>
  <testcase name="i_flip_the_wallet" time="3.108" classname="Stepdef.Popbitch.POPSMO22_Free_Point_Updates_On_Date_Wallet_Back">
    <failure type="org.openqa.selenium.WebDriverException" message="unknown error: Element is not clickable at point (-22, 403)
  (Session info: chrome=78.0.3904.108)
  (Driver info: chromedriver=2.43.600229 (3fae4d0cda5334b4f533bede5a4787f7b832d052),platform=Mac OS X 10.14.6 x86_64) (WARNING: The server did not provide any stacktrace information)
Command duration or timeout: 0 milliseconds
Build info: version: &amp;apos;3.141.59&amp;apos;, revision: &amp;apos;e82be7d358&amp;apos;, time: &amp;apos;2018-11-14T08:17:03&amp;apos;
System info: host: &amp;apos;Jayarees-MacBook-Pro.local&amp;apos;, ip: &amp;apos;fe80:0:0:0:1843:fba6:30c4:7fd9%en0&amp;apos;, os.name: &amp;apos;Mac OS X&amp;apos;, os.arch: &amp;apos;x86_64&amp;apos;, os.version: &amp;apos;10.14.6&amp;apos;, java.version: &amp;apos;1.8.0_191&amp;apos;
Driver info: org.openqa.selenium.chrome.ChromeDriver
Capabilities {acceptInsecureCerts: false, acceptSslCerts: false, applicationCacheEnabled: false, browserConnectionEnabled: false, browserName: chrome, chrome: {chromedriverVersion: 2.43.600229 (3fae4d0cda5334..., userDataDir: /var/folders/s6/h3svzd2j4f3...}, cssSelectorsEnabled: true, databaseEnabled: false, goog:chromeOptions: {debuggerAddress: localhost:51078}, handlesAlerts: true, hasTouchScreen: false, javascriptEnabled: true, locationContextEnabled: true, mobileEmulationEnabled: false, nativeEvents: true, networkConnectionEnabled: false, pageLoadStrategy: normal, platform: MAC, platformName: MAC, rotatable: false, setWindowRect: true, takesHeapSnapshot: true, takesScreenshot: true, unexpectedAlertBehaviour: , unhandledPromptBehavior: , version: 78.0.3904.108, webStorageEnabled: true}
Session ID: e5f22c999144f81368301153c4dc283f">
      <![CDATA[org.openqa.selenium.WebDriverException: unknown error: Element is not clickable at point (-22, 403)
  (Session info: chrome=78.0.3904.108)
  (Driver info: chromedriver=2.43.600229 (3fae4d0cda5334b4f533bede5a4787f7b832d052),platform=Mac OS X 10.14.6 x86_64) (WARNING: The server did not provide any stacktrace information)
Command duration or timeout: 0 milliseconds
Build info: version: '3.141.59', revision: 'e82be7d358', time: '2018-11-14T08:17:03'
System info: host: 'Jayarees-MacBook-Pro.local', ip: 'fe80:0:0:0:1843:fba6:30c4:7fd9%en0', os.name: 'Mac OS X', os.arch: 'x86_64', os.version: '10.14.6', java.version: '1.8.0_191'
Driver info: org.openqa.selenium.chrome.ChromeDriver
Capabilities {acceptInsecureCerts: false, acceptSslCerts: false, applicationCacheEnabled: false, browserConnectionEnabled: false, browserName: chrome, chrome: {chromedriverVersion: 2.43.600229 (3fae4d0cda5334..., userDataDir: /var/folders/s6/h3svzd2j4f3...}, cssSelectorsEnabled: true, databaseEnabled: false, goog:chromeOptions: {debuggerAddress: localhost:51078}, handlesAlerts: true, hasTouchScreen: false, javascriptEnabled: true, locationContextEnabled: true, mobileEmulationEnabled: false, nativeEvents: true, networkConnectionEnabled: false, pageLoadStrategy: normal, platform: MAC, platformName: MAC, rotatable: false, setWindowRect: true, takesHeapSnapshot: true, takesScreenshot: true, unexpectedAlertBehaviour: , unhandledPromptBehavior: , version: 78.0.3904.108, webStorageEnabled: true}
Session ID: e5f22c999144f81368301153c4dc283f
at org.openqa.selenium.remote.ErrorHandler.createThrowable(ErrorHandler.java:214)
at org.openqa.selenium.remote.ErrorHandler.throwIfResponseFailed(ErrorHandler.java:166)
at org.openqa.selenium.remote.http.JsonHttpResponseCodec.reconstructValue(JsonHttpResponseCodec.java:40)
at org.openqa.selenium.remote.http.AbstractHttpResponseCodec.decode(AbstractHttpResponseCodec.java:80)
at org.openqa.selenium.remote.http.AbstractHttpResponseCodec.decode(AbstractHttpResponseCodec.java:44)
at org.openqa.selenium.remote.HttpCommandExecutor.execute(HttpCommandExecutor.java:158)
at org.openqa.selenium.remote.service.DriverCommandExecutor.execute(DriverCommandExecutor.java:83)
at org.openqa.selenium.remote.RemoteWebDriver.execute(RemoteWebDriver.java:552)
at org.openqa.selenium.remote.RemoteExecuteMethod.execute(RemoteExecuteMethod.java:35)
at org.openqa.selenium.remote.RemoteMouse.mouseMove(RemoteMouse.java:89)
at org.openqa.selenium.interactions.MoveMouseAction.perform(MoveMouseAction.java:42)
at org.openqa.selenium.interactions.CompositeAction.perform(CompositeAction.java:34)
at org.openqa.selenium.interactions.Actions$BuiltAction.perform(Actions.java:642)
at org.openqa.selenium.interactions.Actions.perform(Actions.java:595)
at Elements.Wallet_Elements.flip_wallet(Wallet_Elements.java:75)
at Stepdef.Popbitch.POPSMO22_Free_Point_Updates_On_Date_Wallet_Back.i_flip_the_wallet(POPSMO22_Free_Point_Updates_On_Date_Wallet_Back.java:132)
... Removed 29 stack frames]]>
    </failure>
  </testcase> <!-- i_flip_the_wallet -->
  <testcase name="the_updates_on_date_on_the_back_of_the_wallet_is_seven_days_from_datetime_noted_when_I_read_the_first_article" time="22.304" classname="Stepdef.Popbitch.POPSMO22_Free_Point_Updates_On_Date_Wallet_Back">
    <failure type="org.openqa.selenium.TimeoutException" message="Expected condition failed: waiting for visibility of element located by By.id: iframe__wallet (tried for 20 second(s) with 500 milliseconds interval)">
      <![CDATA[org.openqa.selenium.TimeoutException: Expected condition failed: waiting for visibility of element located by By.id: iframe__wallet (tried for 20 second(s) with 500 milliseconds interval)
at org.openqa.selenium.support.ui.WebDriverWait.timeoutException(WebDriverWait.java:95)
at org.openqa.selenium.support.ui.FluentWait.until(FluentWait.java:272)
at Elements.Wallet_Elements.updates_on_date(Wallet_Elements.java:142)
at Stepdef.Popbitch.POPSMO22_Free_Point_Updates_On_Date_Wallet_Back.the_updates_on_date_on_the_back_of_the_wallet_is_seven_days_from_datetime_noted_when_I_read_the_first_article(POPSMO22_Free_Point_Updates_On_Date_Wallet_Back.java:140)
Caused by: org.openqa.selenium.NoSuchElementException: no such element: Unable to locate element: {"method":"id","selector":"iframe__wallet"}
  (Session info: chrome=78.0.3904.108)
  (Driver info: chromedriver=2.43.600229 (3fae4d0cda5334b4f533bede5a4787f7b832d052),platform=Mac OS X 10.14.6 x86_64) (WARNING: The server did not provide any stacktrace information)
Command duration or timeout: 0 milliseconds
For documentation on this error, please visit: https://www.seleniumhq.org/exceptions/no_such_element.html
Build info: version: '3.141.59', revision: 'e82be7d358', time: '2018-11-14T08:17:03'
System info: host: 'Jayarees-MacBook-Pro.local', ip: 'fe80:0:0:0:1843:fba6:30c4:7fd9%en0', os.name: 'Mac OS X', os.arch: 'x86_64', os.version: '10.14.6', java.version: '1.8.0_191'
Driver info: org.openqa.selenium.chrome.ChromeDriver
Capabilities {acceptInsecureCerts: false, acceptSslCerts: false, applicationCacheEnabled: false, browserConnectionEnabled: false, browserName: chrome, chrome: {chromedriverVersion: 2.43.600229 (3fae4d0cda5334..., userDataDir: /var/folders/s6/h3svzd2j4f3...}, cssSelectorsEnabled: true, databaseEnabled: false, goog:chromeOptions: {debuggerAddress: localhost:51078}, handlesAlerts: true, hasTouchScreen: false, javascriptEnabled: true, locationContextEnabled: true, mobileEmulationEnabled: false, nativeEvents: true, networkConnectionEnabled: false, pageLoadStrategy: normal, platform: MAC, platformName: MAC, rotatable: false, setWindowRect: true, takesHeapSnapshot: true, takesScreenshot: true, unexpectedAlertBehaviour: , unhandledPromptBehavior: , version: 78.0.3904.108, webStorageEnabled: true}
Session ID: e5f22c999144f81368301153c4dc283f
*** Element info: {Using=id, value=iframe__wallet}
at org.openqa.selenium.remote.ErrorHandler.createThrowable(ErrorHandler.java:214)
at org.openqa.selenium.remote.ErrorHandler.throwIfResponseFailed(ErrorHandler.java:166)
at org.openqa.selenium.remote.http.JsonHttpResponseCodec.reconstructValue(JsonHttpResponseCodec.java:40)
at org.openqa.selenium.remote.http.AbstractHttpResponseCodec.decode(AbstractHttpResponseCodec.java:80)
at org.openqa.selenium.remote.http.AbstractHttpResponseCodec.decode(AbstractHttpResponseCodec.java:44)
at org.openqa.selenium.remote.HttpCommandExecutor.execute(HttpCommandExecutor.java:158)
at org.openqa.selenium.remote.service.DriverCommandExecutor.execute(DriverCommandExecutor.java:83)
at org.openqa.selenium.remote.RemoteWebDriver.execute(RemoteWebDriver.java:552)
at org.openqa.selenium.remote.RemoteWebDriver.findElement(RemoteWebDriver.java:323)
at org.openqa.selenium.remote.RemoteWebDriver.findElementById(RemoteWebDriver.java:372)
at org.openqa.selenium.By$ById.findElement(By.java:188)
at org.openqa.selenium.remote.RemoteWebDriver.findElement(RemoteWebDriver.java:315)
at org.openqa.selenium.support.ui.ExpectedConditions$7.apply(ExpectedConditions.java:205)
at org.openqa.selenium.support.ui.ExpectedConditions$7.apply(ExpectedConditions.java:201)
at org.openqa.selenium.support.ui.FluentWait.until(FluentWait.java:249)
... 27 more
... Removed 29 stack frames]]>
    </failure>
  </testcase> <!-- the_updates_on_date_on_the_back_of_the_wallet_is_seven_days_from_datetime_noted_when_I_read_the_first_article -->
  <testcase name="i_am_a_user_of_Axate_and_I_am_on_the_registration_page_through_popbitch_FUN" time="12.139" classname="Stepdef.Popbitch.POPSMO23_Auto_Charge_Button_Back_Wallet_Off"/>
  <testcase name="i_register_successfully_on_popbitch_with_one_pound" time="45.614" classname="Stepdef.Popbitch.POPSMO23_Auto_Charge_Button_Back_Wallet_Off"/>
  <testcase name="opt_just_charge_me_on_the_finish_notice_and_click_ok" time="12.083" classname="Stepdef.Popbitch.POPSMO23_Auto_Charge_Button_Back_Wallet_Off"/>
  <testcase name="i_open_the_flipped_wallet" time="9.392" classname="Stepdef.Popbitch.POPSMO23_Auto_Charge_Button_Back_Wallet_Off"/>
  <testcase name="opt_Ask_me_everytime_on_the_autocharge_button_on_the_wallet" time="4.144" classname="Stepdef.Popbitch.POPSMO23_Auto_Charge_Button_Back_Wallet_Off"/>
  <testcase name="navigate_to_another_premium_article_on_popbitch" time="0.818" classname="Stepdef.Popbitch.POPSMO23_Auto_Charge_Button_Back_Wallet_Off"/>
  <testcase name="authorise_charge_notice_is_displayed" time="8.942" classname="Stepdef.Popbitch.POPSMO23_Auto_Charge_Button_Back_Wallet_Off"/>
  <testcase name="i_am_a_user_of_Axate_and_I_am_on_the_registration_page_through_popbitch_FUN" time="6.755" classname="Stepdef.Popbitch.POPSMO24_Auto_Charge_Button_Back_Wallet_On"/>
  <testcase name="i_register_successfully_on_popbitch_with_one_pound" time="33.806" classname="Stepdef.Popbitch.POPSMO24_Auto_Charge_Button_Back_Wallet_On"/>
  <testcase name="opt_Ask_me_everytime_on_the_finish_notice_and_click_ok" time="6.165" classname="Stepdef.Popbitch.POPSMO24_Auto_Charge_Button_Back_Wallet_On"/>
  <testcase name="click_ok_on_the_authorise_charge_notice" time="12.121" classname="Stepdef.Popbitch.POPSMO24_Auto_Charge_Button_Back_Wallet_On"/>
  <testcase name="i_open_the_flipped_wallet" time="22.585" classname="Stepdef.Popbitch.POPSMO24_Auto_Charge_Button_Back_Wallet_On"/>
  <testcase name="opt_Just_charge_me_on_the_autocharge_button_on_the_wallet" time="11.663" classname="Stepdef.Popbitch.POPSMO24_Auto_Charge_Button_Back_Wallet_On"/>
  <testcase name="navigate_to_another_premium_article_on_popbitch" time="1.022" classname="Stepdef.Popbitch.POPSMO24_Auto_Charge_Button_Back_Wallet_On"/>
  <testcase name="wallet_balance_is_detucted_by_twentyfivep" time="11.6" classname="Stepdef.Popbitch.POPSMO24_Auto_Charge_Button_Back_Wallet_On"/>
  <testcase name="i_am_a_user_of_Axate_and_in_a_logged_out_state" time="1.032" classname="Stepdef.Popbitch.POPSMO25_First_Use_Notice_Displayed"/>
  <testcase name="i_navigate_to_a_premium_article_on_popbitch" time="1.65" classname="Stepdef.Popbitch.POPSMO25_First_Use_Notice_Displayed"/>
  <testcase name="the_first_use_notice_is_displayed" time="2.1" classname="Stepdef.Popbitch.POPSMO25_First_Use_Notice_Displayed"/>
</testsuite> <!-- Smoke Tests -->
