<html>
<head>
<title>TestNG:  Smoke Tests</title>
<link href="../testng.css" rel="stylesheet" type="text/css" />
<link href="../my-testng.css" rel="stylesheet" type="text/css" />

<style type="text/css">
.log { display: none;} 
.stack-trace { display: none;} 
</style>
<script type="text/javascript">
<!--
function flip(e) {
  current = e.style.display;
  if (current == 'block') {
    e.style.display = 'none';
    return 0;
  }
  else {
    e.style.display = 'block';
    return 1;
  }
}

function toggleBox(szDivId, elem, msg1, msg2)
{
  var res = -1;  if (document.getElementById) {
    res = flip(document.getElementById(szDivId));
  }
  else if (document.all) {
    // this is the way old msie versions work
    res = flip(document.all[szDivId]);
  }
  if(elem) {
    if(res == 0) elem.innerHTML = msg1; else elem.innerHTML = msg2;
  }

}

function toggleAllBoxes() {
  if (document.getElementsByTagName) {
    d = document.getElementsByTagName('div');
    for (i = 0; i < d.length; i++) {
      if (d[i].className == 'log') {
        flip(d[i]);
      }
    }
  }
}

// -->
</script>

</head>
<body>
<h2 align='center'>Smoke Tests</h2><table border='1' align="center">
<tr>
<td>Tests passed/Failed/Skipped:</td><td>30/2/0</td>
</tr><tr>
<td>Started on:</td><td>Fri Dec 06 18:53:10 GMT 2019</td>
</tr>
<tr><td>Total time:</td><td>322 seconds (322758 ms)</td>
</tr><tr>
<td>Included groups:</td><td></td>
</tr><tr>
<td>Excluded groups:</td><td></td>
</tr>
</table><p/>
<small><i>(Hover the method name to see the test class name)</i></small><p/>
<table width='100%' border='1' class='invocation-failed'>
<tr><td colspan='4' align='center'><b>FAILED TESTS</b></td></tr>
<tr><td><b>Test method</b></td>
<td width="30%"><b>Exception</b></td>
<td width="10%"><b>Time (seconds)</b></td>
<td><b>Instance</b></td>
</tr>
<tr>
<td title='Stepdef.Popbitch.POPSMO22_Free_Point_Updates_On_Date_Wallet_Back.i_flip_the_wallet()'><b>i_flip_the_wallet</b><br>Test class: Stepdef.Popbitch.POPSMO22_Free_Point_Updates_On_Date_Wallet_Back</td>
<td><div><pre>org.openqa.selenium.WebDriverException: unknown error: Element is not clickable at point (-22, 403)
  (Session info: chrome=78.0.3904.108)
  (Driver info: chromedriver=2.43.600229 (3fae4d0cda5334b4f533bede5a4787f7b832d052),platform=Mac OS X 10.14.6 x86_64) (WARNING: The server did not provide any stacktrace information)
Command duration or timeout: 0 milliseconds
Build info: version: &apos;3.141.59&apos;, revision: &apos;e82be7d358&apos;, time: &apos;2018-11-14T08:17:03&apos;
System info: host: &apos;Jayarees-MacBook-Pro.local&apos;, ip: &apos;fe80:0:0:0:1843:fba6:30c4:7fd9%en0&apos;, os.name: &apos;Mac OS X&apos;, os.arch: &apos;x86_64&apos;, os.version: &apos;10.14.6&apos;, java.version: &apos;1.8.0_191&apos;
Driver info: org.openqa.selenium.chrome.ChromeDriver
Capabilities {acceptInsecureCerts: false, acceptSslCerts: false, applicationCacheEnabled: false, browserConnectionEnabled: false, browserName: chrome, chrome: {chromedriverVersion: 2.43.600229 (3fae4d0cda5334..., userDataDir: /var/folders/s6/h3svzd2j4f3...}, cssSelectorsEnabled: true, databaseEnabled: false, goog:chromeOptions: {debuggerAddress: localhost:51078}, handlesAlerts: true, hasTouchScreen: false, javascriptEnabled: true, locationContextEnabled: true, mobileEmulationEnabled: false, nativeEvents: true, networkConnectionEnabled: false, pageLoadStrategy: normal, platform: MAC, platformName: MAC, rotatable: false, setWindowRect: true, takesHeapSnapshot: true, takesScreenshot: true, unexpectedAlertBehaviour: , unhandledPromptBehavior: , version: 78.0.3904.108, webStorageEnabled: true}
Session ID: e5f22c999144f81368301153c4dc283f
	at org.openqa.selenium.remote.ErrorHandler.createThrowable(ErrorHandler.java:214)
	at org.openqa.selenium.remote.ErrorHandler.throwIfResponseFailed(ErrorHandler.java:166)
	at org.openqa.selenium.remote.http.JsonHttpResponseCodec.reconstructValue(JsonHttpResponseCodec.java:40)
	at org.openqa.selenium.remote.http.AbstractHttpResponseCodec.decode(AbstractHttpResponseCodec.java:80)
	at org.openqa.selenium.remote.http.AbstractHttpResponseCodec.decode(AbstractHttpResponseCodec.java:44)
	at org.openqa.selenium.remote.HttpCommandExecutor.execute(HttpCommandExecutor.java:158)
	at org.openqa.selenium.remote.service.DriverCommandExecutor.execute(DriverCommandExecutor.java:83)
	at org.openqa.selenium.remote.RemoteWebDriver.execute(RemoteWebDriver.java:552)
	at org.openqa.selenium.remote.RemoteExecuteMethod.execute(RemoteExecuteMethod.java:35)
	at org.openqa.selenium.remote.RemoteMouse.mouseMove(RemoteMouse.java:89)
	at org.openqa.selenium.interactions.MoveMouseAction.perform(MoveMouseAction.java:42)
	at org.openqa.selenium.interactions.CompositeAction.perform(CompositeAction.java:34)
	at org.openqa.selenium.interactions.Actions$BuiltAction.perform(Actions.java:642)
	at org.openqa.selenium.interactions.Actions.perform(Actions.java:595)
	at Elements.Wallet_Elements.flip_wallet(Wallet_Elements.java:75)
	at Stepdef.Popbitch.POPSMO22_Free_Point_Updates_On_Date_Wallet_Back.i_flip_the_wallet(POPSMO22_Free_Point_Updates_On_Date_Wallet_Back.java:132)
... Removed 29 stack frames</pre></div><a href='#' onClick='toggleBox("stack-trace144445623", this, "Click to show all stack frames", "Click to hide stack frames")'>Click to show all stack frames</a>
<div class='stack-trace' id='stack-trace144445623'><pre>org.openqa.selenium.WebDriverException: unknown error: Element is not clickable at point (-22, 403)
  (Session info: chrome=78.0.3904.108)
  (Driver info: chromedriver=2.43.600229 (3fae4d0cda5334b4f533bede5a4787f7b832d052),platform=Mac OS X 10.14.6 x86_64) (WARNING: The server did not provide any stacktrace information)
Command duration or timeout: 0 milliseconds
Build info: version: &apos;3.141.59&apos;, revision: &apos;e82be7d358&apos;, time: &apos;2018-11-14T08:17:03&apos;
System info: host: &apos;Jayarees-MacBook-Pro.local&apos;, ip: &apos;fe80:0:0:0:1843:fba6:30c4:7fd9%en0&apos;, os.name: &apos;Mac OS X&apos;, os.arch: &apos;x86_64&apos;, os.version: &apos;10.14.6&apos;, java.version: &apos;1.8.0_191&apos;
Driver info: org.openqa.selenium.chrome.ChromeDriver
Capabilities {acceptInsecureCerts: false, acceptSslCerts: false, applicationCacheEnabled: false, browserConnectionEnabled: false, browserName: chrome, chrome: {chromedriverVersion: 2.43.600229 (3fae4d0cda5334..., userDataDir: /var/folders/s6/h3svzd2j4f3...}, cssSelectorsEnabled: true, databaseEnabled: false, goog:chromeOptions: {debuggerAddress: localhost:51078}, handlesAlerts: true, hasTouchScreen: false, javascriptEnabled: true, locationContextEnabled: true, mobileEmulationEnabled: false, nativeEvents: true, networkConnectionEnabled: false, pageLoadStrategy: normal, platform: MAC, platformName: MAC, rotatable: false, setWindowRect: true, takesHeapSnapshot: true, takesScreenshot: true, unexpectedAlertBehaviour: , unhandledPromptBehavior: , version: 78.0.3904.108, webStorageEnabled: true}
Session ID: e5f22c999144f81368301153c4dc283f
	at sun.reflect.NativeConstructorAccessorImpl.newInstance0(Native Method)
	at sun.reflect.NativeConstructorAccessorImpl.newInstance(NativeConstructorAccessorImpl.java:62)
	at sun.reflect.DelegatingConstructorAccessorImpl.newInstance(DelegatingConstructorAccessorImpl.java:45)
	at java.lang.reflect.Constructor.newInstance(Constructor.java:423)
	at org.openqa.selenium.remote.ErrorHandler.createThrowable(ErrorHandler.java:214)
	at org.openqa.selenium.remote.ErrorHandler.throwIfResponseFailed(ErrorHandler.java:166)
	at org.openqa.selenium.remote.http.JsonHttpResponseCodec.reconstructValue(JsonHttpResponseCodec.java:40)
	at org.openqa.selenium.remote.http.AbstractHttpResponseCodec.decode(AbstractHttpResponseCodec.java:80)
	at org.openqa.selenium.remote.http.AbstractHttpResponseCodec.decode(AbstractHttpResponseCodec.java:44)
	at org.openqa.selenium.remote.HttpCommandExecutor.execute(HttpCommandExecutor.java:158)
	at org.openqa.selenium.remote.service.DriverCommandExecutor.execute(DriverCommandExecutor.java:83)
	at org.openqa.selenium.remote.RemoteWebDriver.execute(RemoteWebDriver.java:552)
	at org.openqa.selenium.remote.RemoteExecuteMethod.execute(RemoteExecuteMethod.java:35)
	at org.openqa.selenium.remote.RemoteMouse.mouseMove(RemoteMouse.java:89)
	at org.openqa.selenium.interactions.MoveMouseAction.perform(MoveMouseAction.java:42)
	at org.openqa.selenium.interactions.CompositeAction.perform(CompositeAction.java:34)
	at org.openqa.selenium.interactions.Actions$BuiltAction.perform(Actions.java:642)
	at org.openqa.selenium.interactions.Actions.perform(Actions.java:595)
	at Elements.Wallet_Elements.flip_wallet(Wallet_Elements.java:75)
	at Stepdef.Popbitch.POPSMO22_Free_Point_Updates_On_Date_Wallet_Back.i_flip_the_wallet(POPSMO22_Free_Point_Updates_On_Date_Wallet_Back.java:132)
	at sun.reflect.NativeMethodAccessorImpl.invoke0(Native Method)
	at sun.reflect.NativeMethodAccessorImpl.invoke(NativeMethodAccessorImpl.java:62)
	at sun.reflect.DelegatingMethodAccessorImpl.invoke(DelegatingMethodAccessorImpl.java:43)
	at java.lang.reflect.Method.invoke(Method.java:498)
	at org.testng.internal.MethodInvocationHelper.invokeMethod(MethodInvocationHelper.java:124)
	at org.testng.internal.Invoker.invokeMethod(Invoker.java:583)
	at org.testng.internal.Invoker.invokeTestMethod(Invoker.java:719)
	at org.testng.internal.Invoker.invokeTestMethods(Invoker.java:989)
	at org.testng.internal.TestMethodWorker.invokeTestMethods(TestMethodWorker.java:125)
	at org.testng.internal.TestMethodWorker.run(TestMethodWorker.java:109)
	at org.testng.TestRunner.privateRun(TestRunner.java:648)
	at org.testng.TestRunner.run(TestRunner.java:505)
	at org.testng.SuiteRunner.runTest(SuiteRunner.java:455)
	at org.testng.SuiteRunner.runSequentially(SuiteRunner.java:450)
	at org.testng.SuiteRunner.privateRun(SuiteRunner.java:415)
	at org.testng.SuiteRunner.run(SuiteRunner.java:364)
	at org.testng.SuiteRunnerWorker.runSuite(SuiteRunnerWorker.java:52)
	at org.testng.SuiteRunnerWorker.run(SuiteRunnerWorker.java:84)
	at org.testng.TestNG.runSuitesSequentially(TestNG.java:1208)
	at org.testng.TestNG.runSuitesLocally(TestNG.java:1137)
	at org.testng.TestNG.runSuites(TestNG.java:1049)
	at org.testng.TestNG.run(TestNG.java:1017)
	at org.testng.remote.AbstractRemoteTestNG.run(AbstractRemoteTestNG.java:114)
	at org.testng.remote.RemoteTestNG.initAndRun(RemoteTestNG.java:251)
	at org.testng.remote.RemoteTestNG.main(RemoteTestNG.java:77)
</pre></div></td>
<td>3</td>
<td>Stepdef.Popbitch.POPSMO22_Free_Point_Updates_On_Date_Wallet_Back@4b4523f8</td></tr>
<tr>
<td title='Stepdef.Popbitch.POPSMO22_Free_Point_Updates_On_Date_Wallet_Back.the_updates_on_date_on_the_back_of_the_wallet_is_seven_days_from_datetime_noted_when_I_read_the_first_article()'><b>the_updates_on_date_on_the_back_of_the_wallet_is_seven_days_from_datetime_noted_when_I_read_the_first_article</b><br>Test class: Stepdef.Popbitch.POPSMO22_Free_Point_Updates_On_Date_Wallet_Back</td>
<td><div><pre>org.openqa.selenium.TimeoutException: Expected condition failed: waiting for visibility of element located by By.id: iframe__wallet (tried for 20 second(s) with 500 milliseconds interval)
	at org.openqa.selenium.support.ui.WebDriverWait.timeoutException(WebDriverWait.java:95)
	at org.openqa.selenium.support.ui.FluentWait.until(FluentWait.java:272)
	at Elements.Wallet_Elements.updates_on_date(Wallet_Elements.java:142)
	at Stepdef.Popbitch.POPSMO22_Free_Point_Updates_On_Date_Wallet_Back.the_updates_on_date_on_the_back_of_the_wallet_is_seven_days_from_datetime_noted_when_I_read_the_first_article(POPSMO22_Free_Point_Updates_On_Date_Wallet_Back.java:140)
Caused by: org.openqa.selenium.NoSuchElementException: no such element: Unable to locate element: {&quot;method&quot;:&quot;id&quot;,&quot;selector&quot;:&quot;iframe__wallet&quot;}
  (Session info: chrome=78.0.3904.108)
  (Driver info: chromedriver=2.43.600229 (3fae4d0cda5334b4f533bede5a4787f7b832d052),platform=Mac OS X 10.14.6 x86_64) (WARNING: The server did not provide any stacktrace information)
Command duration or timeout: 0 milliseconds
For documentation on this error, please visit: https://www.seleniumhq.org/exceptions/no_such_element.html
Build info: version: &apos;3.141.59&apos;, revision: &apos;e82be7d358&apos;, time: &apos;2018-11-14T08:17:03&apos;
System info: host: &apos;Jayarees-MacBook-Pro.local&apos;, ip: &apos;fe80:0:0:0:1843:fba6:30c4:7fd9%en0&apos;, os.name: &apos;Mac OS X&apos;, os.arch: &apos;x86_64&apos;, os.version: &apos;10.14.6&apos;, java.version: &apos;1.8.0_191&apos;
Driver info: org.openqa.selenium.chrome.ChromeDriver
Capabilities {acceptInsecureCerts: false, acceptSslCerts: false, applicationCacheEnabled: false, browserConnectionEnabled: false, browserName: chrome, chrome: {chromedriverVersion: 2.43.600229 (3fae4d0cda5334..., userDataDir: /var/folders/s6/h3svzd2j4f3...}, cssSelectorsEnabled: true, databaseEnabled: false, goog:chromeOptions: {debuggerAddress: localhost:51078}, handlesAlerts: true, hasTouchScreen: false, javascriptEnabled: true, locationContextEnabled: true, mobileEmulationEnabled: false, nativeEvents: true, networkConnectionEnabled: false, pageLoadStrategy: normal, platform: MAC, platformName: MAC, rotatable: false, setWindowRect: true, takesHeapSnapshot: true, takesScreenshot: true, unexpectedAlertBehaviour: , unhandledPromptBehavior: , version: 78.0.3904.108, webStorageEnabled: true}
Session ID: e5f22c999144f81368301153c4dc283f
*** Element info: {Using=id, value=iframe__wallet}
	at org.openqa.selenium.remote.ErrorHandler.createThrowable(ErrorHandler.java:214)
	at org.openqa.selenium.remote.ErrorHandler.throwIfResponseFailed(ErrorHandler.java:166)
	at org.openqa.selenium.remote.http.JsonHttpResponseCodec.reconstructValue(JsonHttpResponseCodec.java:40)
	at org.openqa.selenium.remote.http.AbstractHttpResponseCodec.decode(AbstractHttpResponseCodec.java:80)
	at org.openqa.selenium.remote.http.AbstractHttpResponseCodec.decode(AbstractHttpResponseCodec.java:44)
	at org.openqa.selenium.remote.HttpCommandExecutor.execute(HttpCommandExecutor.java:158)
	at org.openqa.selenium.remote.service.DriverCommandExecutor.execute(DriverCommandExecutor.java:83)
	at org.openqa.selenium.remote.RemoteWebDriver.execute(RemoteWebDriver.java:552)
	at org.openqa.selenium.remote.RemoteWebDriver.findElement(RemoteWebDriver.java:323)
	at org.openqa.selenium.remote.RemoteWebDriver.findElementById(RemoteWebDriver.java:372)
	at org.openqa.selenium.By$ById.findElement(By.java:188)
	at org.openqa.selenium.remote.RemoteWebDriver.findElement(RemoteWebDriver.java:315)
	at org.openqa.selenium.support.ui.ExpectedConditions$7.apply(ExpectedConditions.java:205)
	at org.openqa.selenium.support.ui.ExpectedConditions$7.apply(ExpectedConditions.java:201)
	at org.openqa.selenium.support.ui.FluentWait.until(FluentWait.java:249)
	... 27 more
... Removed 29 stack frames</pre></div><a href='#' onClick='toggleBox("stack-trace1658511941", this, "Click to show all stack frames", "Click to hide stack frames")'>Click to show all stack frames</a>
<div class='stack-trace' id='stack-trace1658511941'><pre>org.openqa.selenium.TimeoutException: Expected condition failed: waiting for visibility of element located by By.id: iframe__wallet (tried for 20 second(s) with 500 milliseconds interval)
	at org.openqa.selenium.support.ui.WebDriverWait.timeoutException(WebDriverWait.java:95)
	at org.openqa.selenium.support.ui.FluentWait.until(FluentWait.java:272)
	at Elements.Wallet_Elements.updates_on_date(Wallet_Elements.java:142)
	at Stepdef.Popbitch.POPSMO22_Free_Point_Updates_On_Date_Wallet_Back.the_updates_on_date_on_the_back_of_the_wallet_is_seven_days_from_datetime_noted_when_I_read_the_first_article(POPSMO22_Free_Point_Updates_On_Date_Wallet_Back.java:140)
	at sun.reflect.NativeMethodAccessorImpl.invoke0(Native Method)
	at sun.reflect.NativeMethodAccessorImpl.invoke(NativeMethodAccessorImpl.java:62)
	at sun.reflect.DelegatingMethodAccessorImpl.invoke(DelegatingMethodAccessorImpl.java:43)
	at java.lang.reflect.Method.invoke(Method.java:498)
	at org.testng.internal.MethodInvocationHelper.invokeMethod(MethodInvocationHelper.java:124)
	at org.testng.internal.Invoker.invokeMethod(Invoker.java:583)
	at org.testng.internal.Invoker.invokeTestMethod(Invoker.java:719)
	at org.testng.internal.Invoker.invokeTestMethods(Invoker.java:989)
	at org.testng.internal.TestMethodWorker.invokeTestMethods(TestMethodWorker.java:125)
	at org.testng.internal.TestMethodWorker.run(TestMethodWorker.java:109)
	at org.testng.TestRunner.privateRun(TestRunner.java:648)
	at org.testng.TestRunner.run(TestRunner.java:505)
	at org.testng.SuiteRunner.runTest(SuiteRunner.java:455)
	at org.testng.SuiteRunner.runSequentially(SuiteRunner.java:450)
	at org.testng.SuiteRunner.privateRun(SuiteRunner.java:415)
	at org.testng.SuiteRunner.run(SuiteRunner.java:364)
	at org.testng.SuiteRunnerWorker.runSuite(SuiteRunnerWorker.java:52)
	at org.testng.SuiteRunnerWorker.run(SuiteRunnerWorker.java:84)
	at org.testng.TestNG.runSuitesSequentially(TestNG.java:1208)
	at org.testng.TestNG.runSuitesLocally(TestNG.java:1137)
	at org.testng.TestNG.runSuites(TestNG.java:1049)
	at org.testng.TestNG.run(TestNG.java:1017)
	at org.testng.remote.AbstractRemoteTestNG.run(AbstractRemoteTestNG.java:114)
	at org.testng.remote.RemoteTestNG.initAndRun(RemoteTestNG.java:251)
	at org.testng.remote.RemoteTestNG.main(RemoteTestNG.java:77)
Caused by: org.openqa.selenium.NoSuchElementException: no such element: Unable to locate element: {&quot;method&quot;:&quot;id&quot;,&quot;selector&quot;:&quot;iframe__wallet&quot;}
  (Session info: chrome=78.0.3904.108)
  (Driver info: chromedriver=2.43.600229 (3fae4d0cda5334b4f533bede5a4787f7b832d052),platform=Mac OS X 10.14.6 x86_64) (WARNING: The server did not provide any stacktrace information)
Command duration or timeout: 0 milliseconds
For documentation on this error, please visit: https://www.seleniumhq.org/exceptions/no_such_element.html
Build info: version: &apos;3.141.59&apos;, revision: &apos;e82be7d358&apos;, time: &apos;2018-11-14T08:17:03&apos;
System info: host: &apos;Jayarees-MacBook-Pro.local&apos;, ip: &apos;fe80:0:0:0:1843:fba6:30c4:7fd9%en0&apos;, os.name: &apos;Mac OS X&apos;, os.arch: &apos;x86_64&apos;, os.version: &apos;10.14.6&apos;, java.version: &apos;1.8.0_191&apos;
Driver info: org.openqa.selenium.chrome.ChromeDriver
Capabilities {acceptInsecureCerts: false, acceptSslCerts: false, applicationCacheEnabled: false, browserConnectionEnabled: false, browserName: chrome, chrome: {chromedriverVersion: 2.43.600229 (3fae4d0cda5334..., userDataDir: /var/folders/s6/h3svzd2j4f3...}, cssSelectorsEnabled: true, databaseEnabled: false, goog:chromeOptions: {debuggerAddress: localhost:51078}, handlesAlerts: true, hasTouchScreen: false, javascriptEnabled: true, locationContextEnabled: true, mobileEmulationEnabled: false, nativeEvents: true, networkConnectionEnabled: false, pageLoadStrategy: normal, platform: MAC, platformName: MAC, rotatable: false, setWindowRect: true, takesHeapSnapshot: true, takesScreenshot: true, unexpectedAlertBehaviour: , unhandledPromptBehavior: , version: 78.0.3904.108, webStorageEnabled: true}
Session ID: e5f22c999144f81368301153c4dc283f
*** Element info: {Using=id, value=iframe__wallet}
	at sun.reflect.NativeConstructorAccessorImpl.newInstance0(Native Method)
	at sun.reflect.NativeConstructorAccessorImpl.newInstance(NativeConstructorAccessorImpl.java:62)
	at sun.reflect.DelegatingConstructorAccessorImpl.newInstance(DelegatingConstructorAccessorImpl.java:45)
	at java.lang.reflect.Constructor.newInstance(Constructor.java:423)
	at org.openqa.selenium.remote.ErrorHandler.createThrowable(ErrorHandler.java:214)
	at org.openqa.selenium.remote.ErrorHandler.throwIfResponseFailed(ErrorHandler.java:166)
	at org.openqa.selenium.remote.http.JsonHttpResponseCodec.reconstructValue(JsonHttpResponseCodec.java:40)
	at org.openqa.selenium.remote.http.AbstractHttpResponseCodec.decode(AbstractHttpResponseCodec.java:80)
	at org.openqa.selenium.remote.http.AbstractHttpResponseCodec.decode(AbstractHttpResponseCodec.java:44)
	at org.openqa.selenium.remote.HttpCommandExecutor.execute(HttpCommandExecutor.java:158)
	at org.openqa.selenium.remote.service.DriverCommandExecutor.execute(DriverCommandExecutor.java:83)
	at org.openqa.selenium.remote.RemoteWebDriver.execute(RemoteWebDriver.java:552)
	at org.openqa.selenium.remote.RemoteWebDriver.findElement(RemoteWebDriver.java:323)
	at org.openqa.selenium.remote.RemoteWebDriver.findElementById(RemoteWebDriver.java:372)
	at org.openqa.selenium.By$ById.findElement(By.java:188)
	at org.openqa.selenium.remote.RemoteWebDriver.findElement(RemoteWebDriver.java:315)
	at org.openqa.selenium.support.ui.ExpectedConditions$7.apply(ExpectedConditions.java:205)
	at org.openqa.selenium.support.ui.ExpectedConditions$7.apply(ExpectedConditions.java:201)
	at org.openqa.selenium.support.ui.FluentWait.until(FluentWait.java:249)
	... 27 more
</pre></div></td>
<td>22</td>
<td>Stepdef.Popbitch.POPSMO22_Free_Point_Updates_On_Date_Wallet_Back@4b4523f8</td></tr>
</table><p>
<table width='100%' border='1' class='invocation-passed'>
<tr><td colspan='4' align='center'><b>PASSED TESTS</b></td></tr>
<tr><td><b>Test method</b></td>
<td width="30%"><b>Exception</b></td>
<td width="10%"><b>Time (seconds)</b></td>
<td><b>Instance</b></td>
</tr>
<tr>
<td title='Stepdef.Popbitch.POPSMO23_Auto_Charge_Button_Back_Wallet_Off.authorise_charge_notice_is_displayed()'><b>authorise_charge_notice_is_displayed</b><br>Test class: Stepdef.Popbitch.POPSMO23_Auto_Charge_Button_Back_Wallet_Off</td>
<td></td>
<td>8</td>
<td>Stepdef.Popbitch.POPSMO23_Auto_Charge_Button_Back_Wallet_Off@731a74c</td></tr>
<tr>
<td title='Stepdef.Popbitch.POPSMO24_Auto_Charge_Button_Back_Wallet_On.click_ok_on_the_authorise_charge_notice()'><b>click_ok_on_the_authorise_charge_notice</b><br>Test class: Stepdef.Popbitch.POPSMO24_Auto_Charge_Button_Back_Wallet_On</td>
<td></td>
<td>12</td>
<td>Stepdef.Popbitch.POPSMO24_Auto_Charge_Button_Back_Wallet_On@369f73a2</td></tr>
<tr>
<td title='Stepdef.Popbitch.POPSMO22_Free_Point_Updates_On_Date_Wallet_Back.i_acheive_freeperiod_on_popbitch()'><b>i_acheive_freeperiod_on_popbitch</b><br>Test class: Stepdef.Popbitch.POPSMO22_Free_Point_Updates_On_Date_Wallet_Back</td>
<td></td>
<td>14</td>
<td>Stepdef.Popbitch.POPSMO22_Free_Point_Updates_On_Date_Wallet_Back@4b4523f8</td></tr>
<tr>
<td title='Stepdef.Popbitch.POPSMO21_Read_Updates_On_Date_Wallet_Back.i_am_a_user_of_Axate_and_I_am_on_the_registration_page_through_popbitch_FUN()'><b>i_am_a_user_of_Axate_and_I_am_on_the_registration_page_through_popbitch_FUN</b><br>Test class: Stepdef.Popbitch.POPSMO21_Read_Updates_On_Date_Wallet_Back<br>Parameters: chrome</td>
<td></td>
<td>12</td>
<td>Stepdef.Popbitch.POPSMO21_Read_Updates_On_Date_Wallet_Back@5a8e6209</td></tr>
<tr>
<td title='Stepdef.Popbitch.POPSMO22_Free_Point_Updates_On_Date_Wallet_Back.i_am_a_user_of_Axate_and_I_am_on_the_registration_page_through_popbitch_FUN()'><b>i_am_a_user_of_Axate_and_I_am_on_the_registration_page_through_popbitch_FUN</b><br>Test class: Stepdef.Popbitch.POPSMO22_Free_Point_Updates_On_Date_Wallet_Back<br>Parameters: chrome</td>
<td></td>
<td>8</td>
<td>Stepdef.Popbitch.POPSMO22_Free_Point_Updates_On_Date_Wallet_Back@4b4523f8</td></tr>
<tr>
<td title='Stepdef.Popbitch.POPSMO23_Auto_Charge_Button_Back_Wallet_Off.i_am_a_user_of_Axate_and_I_am_on_the_registration_page_through_popbitch_FUN()'><b>i_am_a_user_of_Axate_and_I_am_on_the_registration_page_through_popbitch_FUN</b><br>Test class: Stepdef.Popbitch.POPSMO23_Auto_Charge_Button_Back_Wallet_Off<br>Parameters: chrome</td>
<td></td>
<td>12</td>
<td>Stepdef.Popbitch.POPSMO23_Auto_Charge_Button_Back_Wallet_Off@731a74c</td></tr>
<tr>
<td title='Stepdef.Popbitch.POPSMO24_Auto_Charge_Button_Back_Wallet_On.i_am_a_user_of_Axate_and_I_am_on_the_registration_page_through_popbitch_FUN()'><b>i_am_a_user_of_Axate_and_I_am_on_the_registration_page_through_popbitch_FUN</b><br>Test class: Stepdef.Popbitch.POPSMO24_Auto_Charge_Button_Back_Wallet_On<br>Parameters: chrome</td>
<td></td>
<td>6</td>
<td>Stepdef.Popbitch.POPSMO24_Auto_Charge_Button_Back_Wallet_On@369f73a2</td></tr>
<tr>
<td title='Stepdef.Popbitch.POPSMO25_First_Use_Notice_Displayed.i_am_a_user_of_Axate_and_in_a_logged_out_state()'><b>i_am_a_user_of_Axate_and_in_a_logged_out_state</b><br>Test class: Stepdef.Popbitch.POPSMO25_First_Use_Notice_Displayed<br>Parameters: chrome</td>
<td></td>
<td>1</td>
<td>Stepdef.Popbitch.POPSMO25_First_Use_Notice_Displayed@1f28c152</td></tr>
<tr>
<td title='Stepdef.Popbitch.POPSMO21_Read_Updates_On_Date_Wallet_Back.i_display_the_datetime_of_the_article_read()'><b>i_display_the_datetime_of_the_article_read</b><br>Test class: Stepdef.Popbitch.POPSMO21_Read_Updates_On_Date_Wallet_Back</td>
<td></td>
<td>0</td>
<td>Stepdef.Popbitch.POPSMO21_Read_Updates_On_Date_Wallet_Back@5a8e6209</td></tr>
<tr>
<td title='Stepdef.Popbitch.POPSMO22_Free_Point_Updates_On_Date_Wallet_Back.i_display_the_datetime_of_the_first_article_read()'><b>i_display_the_datetime_of_the_first_article_read</b><br>Test class: Stepdef.Popbitch.POPSMO22_Free_Point_Updates_On_Date_Wallet_Back</td>
<td></td>
<td>0</td>
<td>Stepdef.Popbitch.POPSMO22_Free_Point_Updates_On_Date_Wallet_Back@4b4523f8</td></tr>
<tr>
<td title='Stepdef.Popbitch.POPSMO21_Read_Updates_On_Date_Wallet_Back.i_flip_the_wallet()'><b>i_flip_the_wallet</b><br>Test class: Stepdef.Popbitch.POPSMO21_Read_Updates_On_Date_Wallet_Back</td>
<td></td>
<td>4</td>
<td>Stepdef.Popbitch.POPSMO21_Read_Updates_On_Date_Wallet_Back@5a8e6209</td></tr>
<tr>
<td title='Stepdef.Popbitch.POPSMO25_First_Use_Notice_Displayed.i_navigate_to_a_premium_article_on_popbitch()'><b>i_navigate_to_a_premium_article_on_popbitch</b><br>Test class: Stepdef.Popbitch.POPSMO25_First_Use_Notice_Displayed</td>
<td></td>
<td>1</td>
<td>Stepdef.Popbitch.POPSMO25_First_Use_Notice_Displayed@1f28c152</td></tr>
<tr>
<td title='Stepdef.Popbitch.POPSMO23_Auto_Charge_Button_Back_Wallet_Off.i_open_the_flipped_wallet()'><b>i_open_the_flipped_wallet</b><br>Test class: Stepdef.Popbitch.POPSMO23_Auto_Charge_Button_Back_Wallet_Off</td>
<td></td>
<td>9</td>
<td>Stepdef.Popbitch.POPSMO23_Auto_Charge_Button_Back_Wallet_Off@731a74c</td></tr>
<tr>
<td title='Stepdef.Popbitch.POPSMO24_Auto_Charge_Button_Back_Wallet_On.i_open_the_flipped_wallet()'><b>i_open_the_flipped_wallet</b><br>Test class: Stepdef.Popbitch.POPSMO24_Auto_Charge_Button_Back_Wallet_On</td>
<td></td>
<td>22</td>
<td>Stepdef.Popbitch.POPSMO24_Auto_Charge_Button_Back_Wallet_On@369f73a2</td></tr>
<tr>
<td title='Stepdef.Popbitch.POPSMO21_Read_Updates_On_Date_Wallet_Back.i_open_the_wallet()'><b>i_open_the_wallet</b><br>Test class: Stepdef.Popbitch.POPSMO21_Read_Updates_On_Date_Wallet_Back</td>
<td></td>
<td>0</td>
<td>Stepdef.Popbitch.POPSMO21_Read_Updates_On_Date_Wallet_Back@5a8e6209</td></tr>
<tr>
<td title='Stepdef.Popbitch.POPSMO22_Free_Point_Updates_On_Date_Wallet_Back.i_open_the_wallet()'><b>i_open_the_wallet</b><br>Test class: Stepdef.Popbitch.POPSMO22_Free_Point_Updates_On_Date_Wallet_Back</td>
<td></td>
<td>0</td>
<td>Stepdef.Popbitch.POPSMO22_Free_Point_Updates_On_Date_Wallet_Back@4b4523f8</td></tr>
<tr>
<td title='Stepdef.Popbitch.POPSMO21_Read_Updates_On_Date_Wallet_Back.i_read_an_article_on_popbitch()'><b>i_read_an_article_on_popbitch</b><br>Test class: Stepdef.Popbitch.POPSMO21_Read_Updates_On_Date_Wallet_Back</td>
<td></td>
<td>6</td>
<td>Stepdef.Popbitch.POPSMO21_Read_Updates_On_Date_Wallet_Back@5a8e6209</td></tr>
<tr>
<td title='Stepdef.Popbitch.POPSMO21_Read_Updates_On_Date_Wallet_Back.i_register_successfully_on_popbitch_with_one_pound()'><b>i_register_successfully_on_popbitch_with_one_pound</b><br>Test class: Stepdef.Popbitch.POPSMO21_Read_Updates_On_Date_Wallet_Back</td>
<td></td>
<td>21</td>
<td>Stepdef.Popbitch.POPSMO21_Read_Updates_On_Date_Wallet_Back@5a8e6209</td></tr>
<tr>
<td title='Stepdef.Popbitch.POPSMO22_Free_Point_Updates_On_Date_Wallet_Back.i_register_successfully_on_popbitch_with_one_pound()'><b>i_register_successfully_on_popbitch_with_one_pound</b><br>Test class: Stepdef.Popbitch.POPSMO22_Free_Point_Updates_On_Date_Wallet_Back</td>
<td></td>
<td>21</td>
<td>Stepdef.Popbitch.POPSMO22_Free_Point_Updates_On_Date_Wallet_Back@4b4523f8</td></tr>
<tr>
<td title='Stepdef.Popbitch.POPSMO23_Auto_Charge_Button_Back_Wallet_Off.i_register_successfully_on_popbitch_with_one_pound()'><b>i_register_successfully_on_popbitch_with_one_pound</b><br>Test class: Stepdef.Popbitch.POPSMO23_Auto_Charge_Button_Back_Wallet_Off</td>
<td></td>
<td>45</td>
<td>Stepdef.Popbitch.POPSMO23_Auto_Charge_Button_Back_Wallet_Off@731a74c</td></tr>
<tr>
<td title='Stepdef.Popbitch.POPSMO24_Auto_Charge_Button_Back_Wallet_On.i_register_successfully_on_popbitch_with_one_pound()'><b>i_register_successfully_on_popbitch_with_one_pound</b><br>Test class: Stepdef.Popbitch.POPSMO24_Auto_Charge_Button_Back_Wallet_On</td>
<td></td>
<td>33</td>
<td>Stepdef.Popbitch.POPSMO24_Auto_Charge_Button_Back_Wallet_On@369f73a2</td></tr>
<tr>
<td title='Stepdef.Popbitch.POPSMO23_Auto_Charge_Button_Back_Wallet_Off.navigate_to_another_premium_article_on_popbitch()'><b>navigate_to_another_premium_article_on_popbitch</b><br>Test class: Stepdef.Popbitch.POPSMO23_Auto_Charge_Button_Back_Wallet_Off</td>
<td></td>
<td>0</td>
<td>Stepdef.Popbitch.POPSMO23_Auto_Charge_Button_Back_Wallet_Off@731a74c</td></tr>
<tr>
<td title='Stepdef.Popbitch.POPSMO24_Auto_Charge_Button_Back_Wallet_On.navigate_to_another_premium_article_on_popbitch()'><b>navigate_to_another_premium_article_on_popbitch</b><br>Test class: Stepdef.Popbitch.POPSMO24_Auto_Charge_Button_Back_Wallet_On</td>
<td></td>
<td>1</td>
<td>Stepdef.Popbitch.POPSMO24_Auto_Charge_Button_Back_Wallet_On@369f73a2</td></tr>
<tr>
<td title='Stepdef.Popbitch.POPSMO23_Auto_Charge_Button_Back_Wallet_Off.opt_Ask_me_everytime_on_the_autocharge_button_on_the_wallet()'><b>opt_Ask_me_everytime_on_the_autocharge_button_on_the_wallet</b><br>Test class: Stepdef.Popbitch.POPSMO23_Auto_Charge_Button_Back_Wallet_Off</td>
<td></td>
<td>4</td>
<td>Stepdef.Popbitch.POPSMO23_Auto_Charge_Button_Back_Wallet_Off@731a74c</td></tr>
<tr>
<td title='Stepdef.Popbitch.POPSMO24_Auto_Charge_Button_Back_Wallet_On.opt_Ask_me_everytime_on_the_finish_notice_and_click_ok()'><b>opt_Ask_me_everytime_on_the_finish_notice_and_click_ok</b><br>Test class: Stepdef.Popbitch.POPSMO24_Auto_Charge_Button_Back_Wallet_On</td>
<td></td>
<td>6</td>
<td>Stepdef.Popbitch.POPSMO24_Auto_Charge_Button_Back_Wallet_On@369f73a2</td></tr>
<tr>
<td title='Stepdef.Popbitch.POPSMO24_Auto_Charge_Button_Back_Wallet_On.opt_Just_charge_me_on_the_autocharge_button_on_the_wallet()'><b>opt_Just_charge_me_on_the_autocharge_button_on_the_wallet</b><br>Test class: Stepdef.Popbitch.POPSMO24_Auto_Charge_Button_Back_Wallet_On</td>
<td></td>
<td>11</td>
<td>Stepdef.Popbitch.POPSMO24_Auto_Charge_Button_Back_Wallet_On@369f73a2</td></tr>
<tr>
<td title='Stepdef.Popbitch.POPSMO23_Auto_Charge_Button_Back_Wallet_Off.opt_just_charge_me_on_the_finish_notice_and_click_ok()'><b>opt_just_charge_me_on_the_finish_notice_and_click_ok</b><br>Test class: Stepdef.Popbitch.POPSMO23_Auto_Charge_Button_Back_Wallet_Off</td>
<td></td>
<td>12</td>
<td>Stepdef.Popbitch.POPSMO23_Auto_Charge_Button_Back_Wallet_Off@731a74c</td></tr>
<tr>
<td title='Stepdef.Popbitch.POPSMO25_First_Use_Notice_Displayed.the_first_use_notice_is_displayed()'><b>the_first_use_notice_is_displayed</b><br>Test class: Stepdef.Popbitch.POPSMO25_First_Use_Notice_Displayed</td>
<td></td>
<td>2</td>
<td>Stepdef.Popbitch.POPSMO25_First_Use_Notice_Displayed@1f28c152</td></tr>
<tr>
<td title='Stepdef.Popbitch.POPSMO21_Read_Updates_On_Date_Wallet_Back.the_updates_on_date_on_the_back_of_the_wallet_is_seven_days_from_datetime_noted_when_I_read_the_first_article()'><b>the_updates_on_date_on_the_back_of_the_wallet_is_seven_days_from_datetime_noted_when_I_read_the_first_article</b><br>Test class: Stepdef.Popbitch.POPSMO21_Read_Updates_On_Date_Wallet_Back</td>
<td></td>
<td>4</td>
<td>Stepdef.Popbitch.POPSMO21_Read_Updates_On_Date_Wallet_Back@5a8e6209</td></tr>
<tr>
<td title='Stepdef.Popbitch.POPSMO24_Auto_Charge_Button_Back_Wallet_On.wallet_balance_is_detucted_by_twentyfivep()'><b>wallet_balance_is_detucted_by_twentyfivep</b><br>Test class: Stepdef.Popbitch.POPSMO24_Auto_Charge_Button_Back_Wallet_On</td>
<td></td>
<td>11</td>
<td>Stepdef.Popbitch.POPSMO24_Auto_Charge_Button_Back_Wallet_On@369f73a2</td></tr>
</table><p>
</body>
</html>