<?xml version="1.0" encoding="UTF-8"?>
<!-- Generated by org.testng.reporters.JUnitXMLReporter -->
<testsuite hostname="Jayarees-MacBook-Pro.local" ignored="0" name="Signup_from_FUN" tests="6" failures="4" timestamp="12 Dec 2019 17:02:26 GMT" time="0.146" errors="0">
  <testcase name="i_am_a_user_of_Axate_and_I_am_on_the_registration_page_through_popbitch_FUN" time="0.042" classname="Stepdef.Popbitch.POPSMO11_Axate_lets_user_select_their_country">
    <failure type="java.lang.IllegalStateException" message="The driver executable does not exist: /Users/jay/eclipse-workspace/Smoke_test_Cases_Live/C:/Users/Administrator/Desktop/chromedriver.exe">
      <![CDATA[java.lang.IllegalStateException: The driver executable does not exist: /Users/jay/eclipse-workspace/Smoke_test_Cases_Live/C:/Users/Administrator/Desktop/chromedriver.exe
at com.google.common.base.Preconditions.checkState(Preconditions.java:585)
at org.openqa.selenium.remote.service.DriverService.checkExecutable(DriverService.java:146)
at org.openqa.selenium.remote.service.DriverService.findExecutable(DriverService.java:141)
at org.openqa.selenium.chrome.ChromeDriverService.access$000(ChromeDriverService.java:35)
at org.openqa.selenium.chrome.ChromeDriverService$Builder.findDefaultExecutable(ChromeDriverService.java:159)
at org.openqa.selenium.remote.service.DriverService$Builder.build(DriverService.java:355)
at org.openqa.selenium.chrome.ChromeDriverService.createDefaultService(ChromeDriverService.java:94)
at org.openqa.selenium.chrome.ChromeDriver.<init>(ChromeDriver.java:123)
at Stepdef.Popbitch.POPSMO11_Axate_lets_user_select_their_country.i_am_a_user_of_Axate_and_I_am_on_the_registration_page_through_popbitch_FUN(POPSMO11_Axate_lets_user_select_their_country.java:75)
... Removed 25 stack frames]]>
    </failure>
  </testcase> <!-- i_am_a_user_of_Axate_and_I_am_on_the_registration_page_through_popbitch_FUN -->
  <testcase name="i_enter_all_the_required_details_on_step_one_and_click_on_continue" time="0.005" classname="Stepdef.Popbitch.POPSMO11_Axate_lets_user_select_their_country"/>
  <testcase name="i_click_on_one_pound_on_regpage_two" time="0.001" classname="Stepdef.Popbitch.POPSMO11_Axate_lets_user_select_their_country"/>
  <testcase name="enter_valid_card_details" time="0.062" classname="Stepdef.Popbitch.POPSMO11_Axate_lets_user_select_their_country">
    <failure type="java.lang.NullPointerException">
      <![CDATA[java.lang.NullPointerException
at java.util.Objects.requireNonNull(Objects.java:203)
at org.openqa.selenium.support.ui.FluentWait.<init>(FluentWait.java:106)
at org.openqa.selenium.support.ui.WebDriverWait.<init>(WebDriverWait.java:85)
at org.openqa.selenium.support.ui.WebDriverWait.<init>(WebDriverWait.java:45)
at Elements.Register_Page_Elements1.Registration_Step2_without_continue(Register_Page_Elements1.java:118)
at Stepdef.Popbitch.POPSMO11_Axate_lets_user_select_their_country.enter_valid_card_details(POPSMO11_Axate_lets_user_select_their_country.java:116)
... Removed 25 stack frames]]>
    </failure>
  </testcase> <!-- enter_valid_card_details -->
  <testcase name="i_select_country_as_spain_from_the_drop_down_on_reg_page_two" time="0.003" classname="Stepdef.Popbitch.POPSMO11_Axate_lets_user_select_their_country">
    <failure type="java.lang.NullPointerException">
      <![CDATA[java.lang.NullPointerException
at Elements.Register_Page_Elements1.select_country_spain(Register_Page_Elements1.java:143)
at Stepdef.Popbitch.POPSMO11_Axate_lets_user_select_their_country.i_select_country_as_spain_from_the_drop_down_on_reg_page_two(POPSMO11_Axate_lets_user_select_their_country.java:125)
... Removed 25 stack frames]]>
    </failure>
  </testcase> <!-- i_select_country_as_spain_from_the_drop_down_on_reg_page_two -->
  <testcase name="country_in_the_personal_information_page_in_the_account_page_is_spain" time="0.001" classname="Stepdef.Popbitch.POPSMO11_Axate_lets_user_select_their_country">
    <failure type="java.lang.NullPointerException">
      <![CDATA[java.lang.NullPointerException
at java.util.Objects.requireNonNull(Objects.java:203)
at org.openqa.selenium.support.ui.FluentWait.<init>(FluentWait.java:106)
at org.openqa.selenium.support.ui.WebDriverWait.<init>(WebDriverWait.java:85)
at org.openqa.selenium.support.ui.WebDriverWait.<init>(WebDriverWait.java:45)
at Elements.Wallet_Elements.Click_On_popbitch_staging_agate_poster(Wallet_Elements.java:36)
at Stepdef.Popbitch.POPSMO11_Axate_lets_user_select_their_country.country_in_the_personal_information_page_in_the_account_page_is_spain(POPSMO11_Axate_lets_user_select_their_country.java:134)
... Removed 25 stack frames]]>
    </failure>
  </testcase> <!-- country_in_the_personal_information_page_in_the_account_page_is_spain -->
</testsuite> <!-- Signup_from_FUN -->
