<!DOCTYPE html PUBLIC "-//W3C//DTD XHTML 1.1//EN" "http://www.w3.org/TR/xhtml11/DTD/xhtml11.dtd">
<html xmlns="http://www.w3.org/1999/xhtml">
<head>
<meta http-equiv="content-type" content="text/html; charset=UTF-8"/>
<title>TestNG Report</title>
<style type="text/css">table {margin-bottom:10px;border-collapse:collapse;empty-cells:show}th,td {border:1px solid #009;padding:.25em .5em}th {vertical-align:bottom}td {vertical-align:top}table a {font-weight:bold}.stripe td {background-color: #E6EBF9}.num {text-align:right}.passedodd td {background-color: #3F3}.passedeven td {background-color: #0A0}.skippedodd td {background-color: #DDD}.skippedeven td {background-color: #CCC}.failedodd td,.attn {background-color: #F33}.failedeven td,.stripe .attn {background-color: #D00}.stacktrace {white-space:pre;font-family:monospace}.totop {font-size:85%;text-align:center;border-bottom:2px solid #000}.invisible {display:none}</style>
</head>
<body>
<table>
<tr><th>Test</th><th># Passed</th><th># Skipped</th><th># Failed</th><th>Time (ms)</th><th>Included Groups</th><th>Excluded Groups</th></tr>
<tr><th colspan="7"> Popbitch Chrome</th></tr>
<tr><td><a href="#t0">Smoke Tests</a></td><td class="num">12</td><td class="num">0</td><td class="num attn">37</td><td class="num">10,252</td><td></td><td></td></tr>
</table>
<table id='summary'><thead><tr><th>Class</th><th>Method</th><th>Start</th><th>Time (ms)</th></tr></thead><tbody><tr><th colspan="4"> Popbitch Chrome</th></tr></tbody><tbody id="t0"><tr><th colspan="4">Smoke Tests &#8212; failed</th></tr><tr class="failedeven"><td rowspan="5">Stepdef.Popbitch.POPSMO01_Popbitch_register_from_first_use_notice</td><td><a href="#m0">finish_notice_appears</a></td><td rowspan="1">1576154358488</td><td rowspan="1">2</td></tr><tr class="failedeven"><td><a href="#m1">i_am_a_user_of_Axate_and_I_am_on_the_registration_page_through_popbitch_FUN</a></td><td rowspan="1">1576154348358</td><td rowspan="1">42</td></tr><tr class="failedeven"><td><a href="#m2">i_get_a_funded_axate_wallet_with_one_pound_in_it</a></td><td rowspan="1">1576154358422</td><td rowspan="1">62</td></tr><tr class="failedeven"><td><a href="#m3">navigated_to_the_same_article</a></td><td rowspan="1">1576154358486</td><td rowspan="1">1</td></tr><tr class="failedeven"><td><a href="#m4">top_up_with_a_valid_card_in_steptwo_with_one_pound_and_click_on_continue</a></td><td rowspan="1">1576154353414</td><td rowspan="1">5004</td></tr><tr class="failedodd"><td rowspan="4">Stepdef.Popbitch.POPSMO02_Popbitch_register_from_wallet</td><td><a href="#m5">i_am_a_user_of_Axate_and_I_am_on_the_registration_page_through_popbitch_Wallet_homepages</a></td><td rowspan="1">1576154358492</td><td rowspan="1">1</td></tr><tr class="failedodd"><td><a href="#m6">i_get_a_funded_axate_wallet_with_one_pound_in_it</a></td><td rowspan="1">1576154358501</td><td rowspan="1">1</td></tr><tr class="failedodd"><td><a href="#m7">navigated_to_popbitch_com</a></td><td rowspan="1">1576154358504</td><td rowspan="1">1</td></tr><tr class="failedodd"><td><a href="#m8">top_up_with_a_valid_card_in_steptwo_with_one_pound_and_click_on_continue</a></td><td rowspan="1">1576154358498</td><td rowspan="1">1</td></tr><tr class="failedeven"><td rowspan="6">Stepdef.Popbitch.POPSMO03_Popbitch_register_from_login_page</td><td><a href="#m9">I_click_on_register_here_on_the_login_page</a></td><td rowspan="1">1576154358509</td><td rowspan="1">1</td></tr><tr class="failedeven"><td><a href="#m10">finish_notice_appears</a></td><td rowspan="1">1576154358519</td><td rowspan="1">0</td></tr><tr class="failedeven"><td><a href="#m11">i_am_a_user_of_Axate_and_I_am_on_the_login_page_through_popbitch_FUN</a></td><td rowspan="1">1576154358507</td><td rowspan="1">1</td></tr><tr class="failedeven"><td><a href="#m12">i_get_a_funded_axate_wallet_with_one_pound_in_it</a></td><td rowspan="1">1576154358515</td><td rowspan="1">0</td></tr><tr class="failedeven"><td><a href="#m13">navigated_to_the_same_article</a></td><td rowspan="1">1576154358517</td><td rowspan="1">0</td></tr><tr class="failedeven"><td><a href="#m14">top_up_with_a_valid_card_in_steptwo_with_one_pound_and_click_on_continue</a></td><td rowspan="1">1576154358513</td><td rowspan="1">0</td></tr><tr class="failedodd"><td rowspan="3">Stepdef.Popbitch.POPSMO05_Popbitch_Payment_system_loads_on_three_pounds</td><td><a href="#m15">i_am_a_user_of_Axate_and_I_am_on_the_registration_page_through_popbitch_Wallet_homepages</a></td><td rowspan="1">1576154358521</td><td rowspan="1">1</td></tr><tr class="failedodd"><td><a href="#m16">payment_system_displays_card_option</a></td><td rowspan="1">1576154358527</td><td rowspan="1">1</td></tr><tr class="failedodd"><td><a href="#m17">payment_system_displays_paypal_option</a></td><td rowspan="1">1576154358529</td><td rowspan="1">1</td></tr><tr class="failedeven"><td rowspan="4">Stepdef.Popbitch.POPSMO10_Popbitch_Sucessful_user_registration_with_an_empty_wallet_on_skipping_payment</td><td><a href="#m18">an_ADD_funds_notice_is_displayed</a></td><td rowspan="1">1576154358539</td><td rowspan="1">2</td></tr><tr class="failedeven"><td><a href="#m19">i_am_a_user_of_Axate_and_I_am_on_the_registration_page_through_popbitch_FUN</a></td><td rowspan="1">1576154358532</td><td rowspan="1">0</td></tr><tr class="failedeven"><td><a href="#m20">i_get_an_unfunded_axate_wallet_with_zero_pounds_in_it</a></td><td rowspan="1">1576154358537</td><td rowspan="1">1</td></tr><tr class="failedeven"><td><a href="#m21">i_skip_the_payment_and_navigating_to_a_premium_article_on_popbitch</a></td><td rowspan="1">1576154358536</td><td rowspan="1">0</td></tr><tr class="failedodd"><td rowspan="4">Stepdef.Popbitch.POPSMO11_Axate_lets_user_select_their_country</td><td><a href="#m22">country_in_the_personal_information_page_in_the_account_page_is_spain</a></td><td rowspan="1">1576154358553</td><td rowspan="1">0</td></tr><tr class="failedodd"><td><a href="#m23">enter_valid_card_details</a></td><td rowspan="1">1576154358547</td><td rowspan="1">1</td></tr><tr class="failedodd"><td><a href="#m24">i_am_a_user_of_Axate_and_I_am_on_the_registration_page_through_popbitch_FUN</a></td><td rowspan="1">1576154358542</td><td rowspan="1">1</td></tr><tr class="failedodd"><td><a href="#m25">i_select_country_as_spain_from_the_drop_down_on_reg_page_two</a></td><td rowspan="1">1576154358549</td><td rowspan="1">3</td></tr><tr class="failedeven"><td rowspan="5">Stepdef.Popbitch.POPSMO12_State_Postcode_Required_when_US_Selected_on_regpage2</td><td><a href="#m26">enter_valid_card_details</a></td><td rowspan="1">1576154358562</td><td rowspan="1">0</td></tr><tr class="failedeven"><td><a href="#m27">i_am_a_user_of_Axate_and_I_am_on_the_registration_page_through_popbitch_FUN</a></td><td rowspan="1">1576154358556</td><td rowspan="1">0</td></tr><tr class="failedeven"><td><a href="#m28">i_select_country_as_United_states_from_the_drop_down_on_reg_page_two</a></td><td rowspan="1">1576154358563</td><td rowspan="1">1</td></tr><tr class="failedeven"><td><a href="#m29">postcode_is_displayed</a></td><td rowspan="1">1576154358567</td><td rowspan="1">1</td></tr><tr class="failedeven"><td><a href="#m30">state_is_displayed</a></td><td rowspan="1">1576154358565</td><td rowspan="1">1</td></tr><tr class="failedodd"><td rowspan="6">Stepdef.Popbitch.POPSMO13_Popbitch_User_Registers_with_Country_As_US</td><td><a href="#m31">country_in_the_personal_information_page_in_the_account_page_is_united_states</a></td><td rowspan="1">1576154358585</td><td rowspan="1">1</td></tr><tr class="failedodd"><td><a href="#m32">enter_valid_card_details</a></td><td rowspan="1">1576154358575</td><td rowspan="1">0</td></tr><tr class="failedodd"><td><a href="#m33">i_am_a_user_of_Axate_and_I_am_on_the_registration_page_through_popbitch_FUN</a></td><td rowspan="1">1576154358569</td><td rowspan="1">1</td></tr><tr class="failedodd"><td><a href="#m34">i_enter_Zipcode</a></td><td rowspan="1">1576154358581</td><td rowspan="1">1</td></tr><tr class="failedodd"><td><a href="#m35">i_enter_state_as_Alaska</a></td><td rowspan="1">1576154358579</td><td rowspan="1">1</td></tr><tr class="failedodd"><td><a href="#m36">i_select_country_as_United_states_from_the_drop_down_on_reg_page_two</a></td><td rowspan="1">1576154358576</td><td rowspan="1">2</td></tr><tr><th colspan="4">Smoke Tests &#8212; passed</th></tr><tr class="passedeven"><td rowspan="1">Stepdef.Popbitch.POPSMO01_Popbitch_register_from_first_use_notice</td><td><a href="#m37">i_enter_all_the_required_details_on_step_one_and_click_on_continue</a></td><td rowspan="1">1576154348405</td><td rowspan="1">5007</td></tr><tr class="passedodd"><td rowspan="1">Stepdef.Popbitch.POPSMO02_Popbitch_register_from_wallet</td><td><a href="#m38">i_enter_all_the_required_details_on_step_one_and_click_on_continue</a></td><td rowspan="1">1576154358495</td><td rowspan="1">1</td></tr><tr class="passedeven"><td rowspan="1">Stepdef.Popbitch.POPSMO03_Popbitch_register_from_login_page</td><td><a href="#m39">i_enter_all_the_required_details_on_step_one_and_click_on_continue</a></td><td rowspan="1">1576154358511</td><td rowspan="1">1</td></tr><tr class="passedodd"><td rowspan="2">Stepdef.Popbitch.POPSMO05_Popbitch_Payment_system_loads_on_three_pounds</td><td><a href="#m40">i_click_on_three_pounds_on_regpage_two</a></td><td rowspan="1">1576154358525</td><td rowspan="1">1</td></tr><tr class="passedodd"><td><a href="#m41">i_enter_all_the_required_details_on_step_one_and_click_on_continue</a></td><td rowspan="1">1576154358523</td><td rowspan="1">1</td></tr><tr class="passedeven"><td rowspan="1">Stepdef.Popbitch.POPSMO10_Popbitch_Sucessful_user_registration_with_an_empty_wallet_on_skipping_payment</td><td><a href="#m42">i_enter_all_the_required_details_on_step_one_and_click_on_continue</a></td><td rowspan="1">1576154358534</td><td rowspan="1">1</td></tr><tr class="passedodd"><td rowspan="2">Stepdef.Popbitch.POPSMO11_Axate_lets_user_select_their_country</td><td><a href="#m43">i_click_on_one_pound_on_regpage_two</a></td><td rowspan="1">1576154358546</td><td rowspan="1">0</td></tr><tr class="passedodd"><td><a href="#m44">i_enter_all_the_required_details_on_step_one_and_click_on_continue</a></td><td rowspan="1">1576154358544</td><td rowspan="1">1</td></tr><tr class="passedeven"><td rowspan="2">Stepdef.Popbitch.POPSMO12_State_Postcode_Required_when_US_Selected_on_regpage2</td><td><a href="#m45">i_click_on_one_pound_on_regpage_two</a></td><td rowspan="1">1576154358560</td><td rowspan="1">1</td></tr><tr class="passedeven"><td><a href="#m46">i_enter_all_the_required_details_on_step_one_and_click_on_continue</a></td><td rowspan="1">1576154358558</td><td rowspan="1">1</td></tr><tr class="passedodd"><td rowspan="2">Stepdef.Popbitch.POPSMO13_Popbitch_User_Registers_with_Country_As_US</td><td><a href="#m47">i_click_on_one_pound_on_regpage_two</a></td><td rowspan="1">1576154358573</td><td rowspan="1">1</td></tr><tr class="passedodd"><td><a href="#m48">i_enter_all_the_required_details_on_step_one_and_click_on_continue</a></td><td rowspan="1">1576154358571</td><td rowspan="1">1</td></tr></tbody>
</table>
<h2>Smoke Tests</h2><h3 id="m0">Stepdef.Popbitch.POPSMO01_Popbitch_register_from_first_use_notice#finish_notice_appears</h3><table class="result"><tr><th>Exception</th></tr><tr><td><div class="stacktrace">java.lang.NullPointerException
	at Elements.Finish_Notice_elements.Verify_finish_notice_appears(Finish_Notice_elements.java:80)
	at Stepdef.Popbitch.POPSMO01_Popbitch_register_from_first_use_notice.finish_notice_appears(POPSMO01_Popbitch_register_from_first_use_notice.java:140)
... Removed 25 stack frames</div></td></tr></table><p class="totop"><a href="#summary">back to summary</a></p>
<h3 id="m1">Stepdef.Popbitch.POPSMO01_Popbitch_register_from_first_use_notice#i_am_a_user_of_Axate_and_I_am_on_the_registration_page_through_popbitch_FUN</h3><table class="result"><tr class="param"><th>Parameter #1</th></tr><tr class="param stripe"><td>chrome</td></tr><tr><th>Exception</th></tr><tr><td><div class="stacktrace">java.lang.IllegalStateException: The driver executable does not exist: /Users/jay/eclipse-workspace/Smoke_test_Cases_Live/C:/Users/Administrator/Desktop/chromedriver.exe
	at com.google.common.base.Preconditions.checkState(Preconditions.java:585)
	at org.openqa.selenium.remote.service.DriverService.checkExecutable(DriverService.java:146)
	at org.openqa.selenium.remote.service.DriverService.findExecutable(DriverService.java:141)
	at org.openqa.selenium.chrome.ChromeDriverService.access$000(ChromeDriverService.java:35)
	at org.openqa.selenium.chrome.ChromeDriverService$Builder.findDefaultExecutable(ChromeDriverService.java:159)
	at org.openqa.selenium.remote.service.DriverService$Builder.build(DriverService.java:355)
	at org.openqa.selenium.chrome.ChromeDriverService.createDefaultService(ChromeDriverService.java:94)
	at org.openqa.selenium.chrome.ChromeDriver.&lt;init&gt;(ChromeDriver.java:123)
	at Stepdef.Popbitch.POPSMO01_Popbitch_register_from_first_use_notice.i_am_a_user_of_Axate_and_I_am_on_the_registration_page_through_popbitch_FUN(POPSMO01_Popbitch_register_from_first_use_notice.java:71)
... Removed 25 stack frames</div></td></tr></table><p class="totop"><a href="#summary">back to summary</a></p>
<h3 id="m2">Stepdef.Popbitch.POPSMO01_Popbitch_register_from_first_use_notice#i_get_a_funded_axate_wallet_with_one_pound_in_it</h3><table class="result"><tr><th>Exception</th></tr><tr><td><div class="stacktrace">java.lang.NullPointerException
	at java.util.Objects.requireNonNull(Objects.java:203)
	at org.openqa.selenium.support.ui.FluentWait.&lt;init&gt;(FluentWait.java:106)
	at org.openqa.selenium.support.ui.WebDriverWait.&lt;init&gt;(WebDriverWait.java:85)
	at org.openqa.selenium.support.ui.WebDriverWait.&lt;init&gt;(WebDriverWait.java:45)
	at Elements.Wallet_Elements.Click_On_popbitch_staging_agate_poster(Wallet_Elements.java:36)
	at Stepdef.Popbitch.POPSMO01_Popbitch_register_from_first_use_notice.i_get_a_funded_axate_wallet_with_one_pound_in_it(POPSMO01_Popbitch_register_from_first_use_notice.java:120)
... Removed 25 stack frames</div></td></tr></table><p class="totop"><a href="#summary">back to summary</a></p>
<h3 id="m3">Stepdef.Popbitch.POPSMO01_Popbitch_register_from_first_use_notice#navigated_to_the_same_article</h3><table class="result"><tr><th>Exception</th></tr><tr><td><div class="stacktrace">java.lang.NullPointerException
	at Stepdef.Popbitch.POPSMO01_Popbitch_register_from_first_use_notice.navigated_to_the_same_article(POPSMO01_Popbitch_register_from_first_use_notice.java:130)
... Removed 25 stack frames</div></td></tr></table><p class="totop"><a href="#summary">back to summary</a></p>
<h3 id="m4">Stepdef.Popbitch.POPSMO01_Popbitch_register_from_first_use_notice#top_up_with_a_valid_card_in_steptwo_with_one_pound_and_click_on_continue</h3><table class="result"><tr><th>Exception</th></tr><tr><td><div class="stacktrace">java.lang.NullPointerException
	at Elements.Register_Page_Elements1.voucher_process(Register_Page_Elements1.java:173)
	at Stepdef.Popbitch.POPSMO01_Popbitch_register_from_first_use_notice.top_up_with_a_valid_card_in_steptwo_with_one_pound_and_click_on_continue(POPSMO01_Popbitch_register_from_first_use_notice.java:110)
... Removed 25 stack frames</div></td></tr></table><p class="totop"><a href="#summary">back to summary</a></p>
<h3 id="m5">Stepdef.Popbitch.POPSMO02_Popbitch_register_from_wallet#i_am_a_user_of_Axate_and_I_am_on_the_registration_page_through_popbitch_Wallet_homepages</h3><table class="result"><tr class="param"><th>Parameter #1</th></tr><tr class="param stripe"><td>chrome</td></tr><tr><th>Exception</th></tr><tr><td><div class="stacktrace">java.lang.IllegalStateException: The driver executable does not exist: /Users/jay/eclipse-workspace/Smoke_test_Cases_Live/C:/Users/Administrator/Desktop/chromedriver.exe
	at com.google.common.base.Preconditions.checkState(Preconditions.java:585)
	at org.openqa.selenium.remote.service.DriverService.checkExecutable(DriverService.java:146)
	at org.openqa.selenium.remote.service.DriverService.findExecutable(DriverService.java:141)
	at org.openqa.selenium.chrome.ChromeDriverService.access$000(ChromeDriverService.java:35)
	at org.openqa.selenium.chrome.ChromeDriverService$Builder.findDefaultExecutable(ChromeDriverService.java:159)
	at org.openqa.selenium.remote.service.DriverService$Builder.build(DriverService.java:355)
	at org.openqa.selenium.chrome.ChromeDriverService.createDefaultService(ChromeDriverService.java:94)
	at org.openqa.selenium.chrome.ChromeDriver.&lt;init&gt;(ChromeDriver.java:123)
	at Stepdef.Popbitch.POPSMO02_Popbitch_register_from_wallet.i_am_a_user_of_Axate_and_I_am_on_the_registration_page_through_popbitch_Wallet_homepages(POPSMO02_Popbitch_register_from_wallet.java:69)
... Removed 25 stack frames</div></td></tr></table><p class="totop"><a href="#summary">back to summary</a></p>
<h3 id="m6">Stepdef.Popbitch.POPSMO02_Popbitch_register_from_wallet#i_get_a_funded_axate_wallet_with_one_pound_in_it</h3><table class="result"><tr><th>Exception</th></tr><tr><td><div class="stacktrace">java.lang.NullPointerException
	at java.util.Objects.requireNonNull(Objects.java:203)
	at org.openqa.selenium.support.ui.FluentWait.&lt;init&gt;(FluentWait.java:106)
	at org.openqa.selenium.support.ui.WebDriverWait.&lt;init&gt;(WebDriverWait.java:85)
	at org.openqa.selenium.support.ui.WebDriverWait.&lt;init&gt;(WebDriverWait.java:45)
	at Elements.Wallet_Elements.Click_On_popbitch_staging_agate_poster(Wallet_Elements.java:36)
	at Stepdef.Popbitch.POPSMO02_Popbitch_register_from_wallet.i_get_a_funded_axate_wallet_with_one_pound_in_it(POPSMO02_Popbitch_register_from_wallet.java:116)
... Removed 25 stack frames</div></td></tr></table><p class="totop"><a href="#summary">back to summary</a></p>
<h3 id="m7">Stepdef.Popbitch.POPSMO02_Popbitch_register_from_wallet#navigated_to_popbitch_com</h3><table class="result"><tr><th>Exception</th></tr><tr><td><div class="stacktrace">java.lang.NullPointerException
	at Stepdef.Popbitch.POPSMO02_Popbitch_register_from_wallet.navigated_to_popbitch_com(POPSMO02_Popbitch_register_from_wallet.java:126)
... Removed 25 stack frames</div></td></tr></table><p class="totop"><a href="#summary">back to summary</a></p>
<h3 id="m8">Stepdef.Popbitch.POPSMO02_Popbitch_register_from_wallet#top_up_with_a_valid_card_in_steptwo_with_one_pound_and_click_on_continue</h3><table class="result"><tr><th>Exception</th></tr><tr><td><div class="stacktrace">java.lang.NullPointerException
	at Elements.Register_Page_Elements1.voucher_process(Register_Page_Elements1.java:173)
	at Stepdef.Popbitch.POPSMO02_Popbitch_register_from_wallet.top_up_with_a_valid_card_in_steptwo_with_one_pound_and_click_on_continue(POPSMO02_Popbitch_register_from_wallet.java:105)
... Removed 25 stack frames</div></td></tr></table><p class="totop"><a href="#summary">back to summary</a></p>
<h3 id="m9">Stepdef.Popbitch.POPSMO03_Popbitch_register_from_login_page#I_click_on_register_here_on_the_login_page</h3><table class="result"><tr><th>Exception</th></tr><tr><td><div class="stacktrace">java.lang.NullPointerException
	at java.util.Objects.requireNonNull(Objects.java:203)
	at org.openqa.selenium.support.ui.FluentWait.&lt;init&gt;(FluentWait.java:106)
	at org.openqa.selenium.support.ui.WebDriverWait.&lt;init&gt;(WebDriverWait.java:85)
	at org.openqa.selenium.support.ui.WebDriverWait.&lt;init&gt;(WebDriverWait.java:45)
	at Stepdef.Popbitch.POPSMO03_Popbitch_register_from_login_page.I_click_on_register_here_on_the_login_page(POPSMO03_Popbitch_register_from_login_page.java:98)
... Removed 25 stack frames</div></td></tr></table><p class="totop"><a href="#summary">back to summary</a></p>
<h3 id="m10">Stepdef.Popbitch.POPSMO03_Popbitch_register_from_login_page#finish_notice_appears</h3><table class="result"><tr><th>Exception</th></tr><tr><td><div class="stacktrace">java.lang.NullPointerException
	at Elements.Finish_Notice_elements.Verify_finish_notice_appears(Finish_Notice_elements.java:80)
	at Stepdef.Popbitch.POPSMO03_Popbitch_register_from_login_page.finish_notice_appears(POPSMO03_Popbitch_register_from_login_page.java:154)
... Removed 25 stack frames</div></td></tr></table><p class="totop"><a href="#summary">back to summary</a></p>
<h3 id="m11">Stepdef.Popbitch.POPSMO03_Popbitch_register_from_login_page#i_am_a_user_of_Axate_and_I_am_on_the_login_page_through_popbitch_FUN</h3><table class="result"><tr class="param"><th>Parameter #1</th></tr><tr class="param stripe"><td>chrome</td></tr><tr><th>Exception</th></tr><tr><td><div class="stacktrace">java.lang.IllegalStateException: The driver executable does not exist: /Users/jay/eclipse-workspace/Smoke_test_Cases_Live/C:/Users/Administrator/Desktop/chromedriver.exe
	at com.google.common.base.Preconditions.checkState(Preconditions.java:585)
	at org.openqa.selenium.remote.service.DriverService.checkExecutable(DriverService.java:146)
	at org.openqa.selenium.remote.service.DriverService.findExecutable(DriverService.java:141)
	at org.openqa.selenium.chrome.ChromeDriverService.access$000(ChromeDriverService.java:35)
	at org.openqa.selenium.chrome.ChromeDriverService$Builder.findDefaultExecutable(ChromeDriverService.java:159)
	at org.openqa.selenium.remote.service.DriverService$Builder.build(DriverService.java:355)
	at org.openqa.selenium.chrome.ChromeDriverService.createDefaultService(ChromeDriverService.java:94)
	at org.openqa.selenium.chrome.ChromeDriver.&lt;init&gt;(ChromeDriver.java:123)
	at Stepdef.Popbitch.POPSMO03_Popbitch_register_from_login_page.i_am_a_user_of_Axate_and_I_am_on_the_login_page_through_popbitch_FUN(POPSMO03_Popbitch_register_from_login_page.java:74)
... Removed 25 stack frames</div></td></tr></table><p class="totop"><a href="#summary">back to summary</a></p>
<h3 id="m12">Stepdef.Popbitch.POPSMO03_Popbitch_register_from_login_page#i_get_a_funded_axate_wallet_with_one_pound_in_it</h3><table class="result"><tr><th>Exception</th></tr><tr><td><div class="stacktrace">java.lang.NullPointerException
	at java.util.Objects.requireNonNull(Objects.java:203)
	at org.openqa.selenium.support.ui.FluentWait.&lt;init&gt;(FluentWait.java:106)
	at org.openqa.selenium.support.ui.WebDriverWait.&lt;init&gt;(WebDriverWait.java:85)
	at org.openqa.selenium.support.ui.WebDriverWait.&lt;init&gt;(WebDriverWait.java:45)
	at Elements.Wallet_Elements.Click_On_popbitch_staging_agate_poster(Wallet_Elements.java:36)
	at Stepdef.Popbitch.POPSMO03_Popbitch_register_from_login_page.i_get_a_funded_axate_wallet_with_one_pound_in_it(POPSMO03_Popbitch_register_from_login_page.java:134)
... Removed 25 stack frames</div></td></tr></table><p class="totop"><a href="#summary">back to summary</a></p>
<h3 id="m13">Stepdef.Popbitch.POPSMO03_Popbitch_register_from_login_page#navigated_to_the_same_article</h3><table class="result"><tr><th>Exception</th></tr><tr><td><div class="stacktrace">java.lang.NullPointerException
	at Stepdef.Popbitch.POPSMO03_Popbitch_register_from_login_page.navigated_to_the_same_article(POPSMO03_Popbitch_register_from_login_page.java:144)
... Removed 25 stack frames</div></td></tr></table><p class="totop"><a href="#summary">back to summary</a></p>
<h3 id="m14">Stepdef.Popbitch.POPSMO03_Popbitch_register_from_login_page#top_up_with_a_valid_card_in_steptwo_with_one_pound_and_click_on_continue</h3><table class="result"><tr><th>Exception</th></tr><tr><td><div class="stacktrace">java.lang.NullPointerException
	at Elements.Register_Page_Elements1.voucher_process(Register_Page_Elements1.java:173)
	at Stepdef.Popbitch.POPSMO03_Popbitch_register_from_login_page.top_up_with_a_valid_card_in_steptwo_with_one_pound_and_click_on_continue(POPSMO03_Popbitch_register_from_login_page.java:124)
... Removed 25 stack frames</div></td></tr></table><p class="totop"><a href="#summary">back to summary</a></p>
<h3 id="m15">Stepdef.Popbitch.POPSMO05_Popbitch_Payment_system_loads_on_three_pounds#i_am_a_user_of_Axate_and_I_am_on_the_registration_page_through_popbitch_Wallet_homepages</h3><table class="result"><tr class="param"><th>Parameter #1</th></tr><tr class="param stripe"><td>chrome</td></tr><tr><th>Exception</th></tr><tr><td><div class="stacktrace">java.lang.IllegalStateException: The driver executable does not exist: /Users/jay/eclipse-workspace/Smoke_test_Cases_Live/C:/Users/Administrator/Desktop/chromedriver.exe
	at com.google.common.base.Preconditions.checkState(Preconditions.java:585)
	at org.openqa.selenium.remote.service.DriverService.checkExecutable(DriverService.java:146)
	at org.openqa.selenium.remote.service.DriverService.findExecutable(DriverService.java:141)
	at org.openqa.selenium.chrome.ChromeDriverService.access$000(ChromeDriverService.java:35)
	at org.openqa.selenium.chrome.ChromeDriverService$Builder.findDefaultExecutable(ChromeDriverService.java:159)
	at org.openqa.selenium.remote.service.DriverService$Builder.build(DriverService.java:355)
	at org.openqa.selenium.chrome.ChromeDriverService.createDefaultService(ChromeDriverService.java:94)
	at org.openqa.selenium.chrome.ChromeDriver.&lt;init&gt;(ChromeDriver.java:123)
	at Stepdef.Popbitch.POPSMO05_Popbitch_Payment_system_loads_on_three_pounds.i_am_a_user_of_Axate_and_I_am_on_the_registration_page_through_popbitch_Wallet_homepages(POPSMO05_Popbitch_Payment_system_loads_on_three_pounds.java:63)
... Removed 25 stack frames</div></td></tr></table><p class="totop"><a href="#summary">back to summary</a></p>
<h3 id="m16">Stepdef.Popbitch.POPSMO05_Popbitch_Payment_system_loads_on_three_pounds#payment_system_displays_card_option</h3><table class="result"><tr><th>Exception</th></tr><tr><td><div class="stacktrace">java.lang.NullPointerException
	at java.util.Objects.requireNonNull(Objects.java:203)
	at org.openqa.selenium.support.ui.FluentWait.&lt;init&gt;(FluentWait.java:106)
	at org.openqa.selenium.support.ui.WebDriverWait.&lt;init&gt;(WebDriverWait.java:85)
	at org.openqa.selenium.support.ui.WebDriverWait.&lt;init&gt;(WebDriverWait.java:45)
	at Stepdef.Popbitch.POPSMO05_Popbitch_Payment_system_loads_on_three_pounds.payment_system_displays_card_option(POPSMO05_Popbitch_Payment_system_loads_on_three_pounds.java:101)
... Removed 25 stack frames</div></td></tr></table><p class="totop"><a href="#summary">back to summary</a></p>
<h3 id="m17">Stepdef.Popbitch.POPSMO05_Popbitch_Payment_system_loads_on_three_pounds#payment_system_displays_paypal_option</h3><table class="result"><tr><th>Exception</th></tr><tr><td><div class="stacktrace">java.lang.NullPointerException
	at java.util.Objects.requireNonNull(Objects.java:203)
	at org.openqa.selenium.support.ui.FluentWait.&lt;init&gt;(FluentWait.java:106)
	at org.openqa.selenium.support.ui.WebDriverWait.&lt;init&gt;(WebDriverWait.java:85)
	at org.openqa.selenium.support.ui.WebDriverWait.&lt;init&gt;(WebDriverWait.java:45)
	at Stepdef.Popbitch.POPSMO05_Popbitch_Payment_system_loads_on_three_pounds.payment_system_displays_paypal_option(POPSMO05_Popbitch_Payment_system_loads_on_three_pounds.java:112)
... Removed 25 stack frames</div></td></tr></table><p class="totop"><a href="#summary">back to summary</a></p>
<h3 id="m18">Stepdef.Popbitch.POPSMO10_Popbitch_Sucessful_user_registration_with_an_empty_wallet_on_skipping_payment#an_ADD_funds_notice_is_displayed</h3><table class="result"><tr><th>Exception</th></tr><tr><td><div class="stacktrace">java.lang.NullPointerException
	at Elements.Add_Funds_Notice.Add_funds_notice_displayed(Add_Funds_Notice.java:32)
	at Stepdef.Popbitch.POPSMO10_Popbitch_Sucessful_user_registration_with_an_empty_wallet_on_skipping_payment.an_ADD_funds_notice_is_displayed(POPSMO10_Popbitch_Sucessful_user_registration_with_an_empty_wallet_on_skipping_payment.java:134)
... Removed 25 stack frames</div></td></tr></table><p class="totop"><a href="#summary">back to summary</a></p>
<h3 id="m19">Stepdef.Popbitch.POPSMO10_Popbitch_Sucessful_user_registration_with_an_empty_wallet_on_skipping_payment#i_am_a_user_of_Axate_and_I_am_on_the_registration_page_through_popbitch_FUN</h3><table class="result"><tr class="param"><th>Parameter #1</th></tr><tr class="param stripe"><td>chrome</td></tr><tr><th>Exception</th></tr><tr><td><div class="stacktrace">java.lang.IllegalStateException: The driver executable does not exist: /Users/jay/eclipse-workspace/Smoke_test_Cases_Live/C:/Users/Administrator/Desktop/chromedriver.exe
	at com.google.common.base.Preconditions.checkState(Preconditions.java:585)
	at org.openqa.selenium.remote.service.DriverService.checkExecutable(DriverService.java:146)
	at org.openqa.selenium.remote.service.DriverService.findExecutable(DriverService.java:141)
	at org.openqa.selenium.chrome.ChromeDriverService.access$000(ChromeDriverService.java:35)
	at org.openqa.selenium.chrome.ChromeDriverService$Builder.findDefaultExecutable(ChromeDriverService.java:159)
	at org.openqa.selenium.remote.service.DriverService$Builder.build(DriverService.java:355)
	at org.openqa.selenium.chrome.ChromeDriverService.createDefaultService(ChromeDriverService.java:94)
	at org.openqa.selenium.chrome.ChromeDriver.&lt;init&gt;(ChromeDriver.java:123)
	at Stepdef.Popbitch.POPSMO10_Popbitch_Sucessful_user_registration_with_an_empty_wallet_on_skipping_payment.i_am_a_user_of_Axate_and_I_am_on_the_registration_page_through_popbitch_FUN(POPSMO10_Popbitch_Sucessful_user_registration_with_an_empty_wallet_on_skipping_payment.java:77)
... Removed 25 stack frames</div></td></tr></table><p class="totop"><a href="#summary">back to summary</a></p>
<h3 id="m20">Stepdef.Popbitch.POPSMO10_Popbitch_Sucessful_user_registration_with_an_empty_wallet_on_skipping_payment#i_get_an_unfunded_axate_wallet_with_zero_pounds_in_it</h3><table class="result"><tr><th>Exception</th></tr><tr><td><div class="stacktrace">java.lang.NullPointerException
	at java.util.Objects.requireNonNull(Objects.java:203)
	at org.openqa.selenium.support.ui.FluentWait.&lt;init&gt;(FluentWait.java:106)
	at org.openqa.selenium.support.ui.WebDriverWait.&lt;init&gt;(WebDriverWait.java:85)
	at org.openqa.selenium.support.ui.WebDriverWait.&lt;init&gt;(WebDriverWait.java:45)
	at Elements.Wallet_Elements.Click_On_popbitch_staging_agate_poster(Wallet_Elements.java:36)
	at Stepdef.Popbitch.POPSMO10_Popbitch_Sucessful_user_registration_with_an_empty_wallet_on_skipping_payment.i_get_an_unfunded_axate_wallet_with_zero_pounds_in_it(POPSMO10_Popbitch_Sucessful_user_registration_with_an_empty_wallet_on_skipping_payment.java:123)
... Removed 25 stack frames</div></td></tr></table><p class="totop"><a href="#summary">back to summary</a></p>
<h3 id="m21">Stepdef.Popbitch.POPSMO10_Popbitch_Sucessful_user_registration_with_an_empty_wallet_on_skipping_payment#i_skip_the_payment_and_navigating_to_a_premium_article_on_popbitch</h3><table class="result"><tr><th>Exception</th></tr><tr><td><div class="stacktrace">java.lang.NullPointerException
	at java.util.Objects.requireNonNull(Objects.java:203)
	at org.openqa.selenium.support.ui.FluentWait.&lt;init&gt;(FluentWait.java:106)
	at org.openqa.selenium.support.ui.WebDriverWait.&lt;init&gt;(WebDriverWait.java:85)
	at org.openqa.selenium.support.ui.WebDriverWait.&lt;init&gt;(WebDriverWait.java:45)
	at Stepdef.Popbitch.POPSMO10_Popbitch_Sucessful_user_registration_with_an_empty_wallet_on_skipping_payment.i_skip_the_payment_and_navigating_to_a_premium_article_on_popbitch(POPSMO10_Popbitch_Sucessful_user_registration_with_an_empty_wallet_on_skipping_payment.java:108)
... Removed 25 stack frames</div></td></tr></table><p class="totop"><a href="#summary">back to summary</a></p>
<h3 id="m22">Stepdef.Popbitch.POPSMO11_Axate_lets_user_select_their_country#country_in_the_personal_information_page_in_the_account_page_is_spain</h3><table class="result"><tr><th>Exception</th></tr><tr><td><div class="stacktrace">java.lang.NullPointerException
	at java.util.Objects.requireNonNull(Objects.java:203)
	at org.openqa.selenium.support.ui.FluentWait.&lt;init&gt;(FluentWait.java:106)
	at org.openqa.selenium.support.ui.WebDriverWait.&lt;init&gt;(WebDriverWait.java:85)
	at org.openqa.selenium.support.ui.WebDriverWait.&lt;init&gt;(WebDriverWait.java:45)
	at Elements.Wallet_Elements.Click_On_popbitch_staging_agate_poster(Wallet_Elements.java:36)
	at Stepdef.Popbitch.POPSMO11_Axate_lets_user_select_their_country.country_in_the_personal_information_page_in_the_account_page_is_spain(POPSMO11_Axate_lets_user_select_their_country.java:134)
... Removed 25 stack frames</div></td></tr></table><p class="totop"><a href="#summary">back to summary</a></p>
<h3 id="m23">Stepdef.Popbitch.POPSMO11_Axate_lets_user_select_their_country#enter_valid_card_details</h3><table class="result"><tr><th>Exception</th></tr><tr><td><div class="stacktrace">java.lang.NullPointerException
	at java.util.Objects.requireNonNull(Objects.java:203)
	at org.openqa.selenium.support.ui.FluentWait.&lt;init&gt;(FluentWait.java:106)
	at org.openqa.selenium.support.ui.WebDriverWait.&lt;init&gt;(WebDriverWait.java:85)
	at org.openqa.selenium.support.ui.WebDriverWait.&lt;init&gt;(WebDriverWait.java:45)
	at Elements.Register_Page_Elements1.Registration_Step2_without_continue(Register_Page_Elements1.java:117)
	at Stepdef.Popbitch.POPSMO11_Axate_lets_user_select_their_country.enter_valid_card_details(POPSMO11_Axate_lets_user_select_their_country.java:116)
... Removed 25 stack frames</div></td></tr></table><p class="totop"><a href="#summary">back to summary</a></p>
<h3 id="m24">Stepdef.Popbitch.POPSMO11_Axate_lets_user_select_their_country#i_am_a_user_of_Axate_and_I_am_on_the_registration_page_through_popbitch_FUN</h3><table class="result"><tr class="param"><th>Parameter #1</th></tr><tr class="param stripe"><td>chrome</td></tr><tr><th>Exception</th></tr><tr><td><div class="stacktrace">java.lang.IllegalStateException: The driver executable does not exist: /Users/jay/eclipse-workspace/Smoke_test_Cases_Live/C:/Users/Administrator/Desktop/chromedriver.exe
	at com.google.common.base.Preconditions.checkState(Preconditions.java:585)
	at org.openqa.selenium.remote.service.DriverService.checkExecutable(DriverService.java:146)
	at org.openqa.selenium.remote.service.DriverService.findExecutable(DriverService.java:141)
	at org.openqa.selenium.chrome.ChromeDriverService.access$000(ChromeDriverService.java:35)
	at org.openqa.selenium.chrome.ChromeDriverService$Builder.findDefaultExecutable(ChromeDriverService.java:159)
	at org.openqa.selenium.remote.service.DriverService$Builder.build(DriverService.java:355)
	at org.openqa.selenium.chrome.ChromeDriverService.createDefaultService(ChromeDriverService.java:94)
	at org.openqa.selenium.chrome.ChromeDriver.&lt;init&gt;(ChromeDriver.java:123)
	at Stepdef.Popbitch.POPSMO11_Axate_lets_user_select_their_country.i_am_a_user_of_Axate_and_I_am_on_the_registration_page_through_popbitch_FUN(POPSMO11_Axate_lets_user_select_their_country.java:75)
... Removed 25 stack frames</div></td></tr></table><p class="totop"><a href="#summary">back to summary</a></p>
<h3 id="m25">Stepdef.Popbitch.POPSMO11_Axate_lets_user_select_their_country#i_select_country_as_spain_from_the_drop_down_on_reg_page_two</h3><table class="result"><tr><th>Exception</th></tr><tr><td><div class="stacktrace">java.lang.NullPointerException
	at Elements.Register_Page_Elements1.select_country_spain(Register_Page_Elements1.java:142)
	at Stepdef.Popbitch.POPSMO11_Axate_lets_user_select_their_country.i_select_country_as_spain_from_the_drop_down_on_reg_page_two(POPSMO11_Axate_lets_user_select_their_country.java:125)
... Removed 25 stack frames</div></td></tr></table><p class="totop"><a href="#summary">back to summary</a></p>
<h3 id="m26">Stepdef.Popbitch.POPSMO12_State_Postcode_Required_when_US_Selected_on_regpage2#enter_valid_card_details</h3><table class="result"><tr><th>Exception</th></tr><tr><td><div class="stacktrace">java.lang.NullPointerException
	at java.util.Objects.requireNonNull(Objects.java:203)
	at org.openqa.selenium.support.ui.FluentWait.&lt;init&gt;(FluentWait.java:106)
	at org.openqa.selenium.support.ui.WebDriverWait.&lt;init&gt;(WebDriverWait.java:85)
	at org.openqa.selenium.support.ui.WebDriverWait.&lt;init&gt;(WebDriverWait.java:45)
	at Elements.Register_Page_Elements1.Registration_Step2_without_continue(Register_Page_Elements1.java:117)
	at Stepdef.Popbitch.POPSMO12_State_Postcode_Required_when_US_Selected_on_regpage2.enter_valid_card_details(POPSMO12_State_Postcode_Required_when_US_Selected_on_regpage2.java:113)
... Removed 25 stack frames</div></td></tr></table><p class="totop"><a href="#summary">back to summary</a></p>
<h3 id="m27">Stepdef.Popbitch.POPSMO12_State_Postcode_Required_when_US_Selected_on_regpage2#i_am_a_user_of_Axate_and_I_am_on_the_registration_page_through_popbitch_FUN</h3><table class="result"><tr class="param"><th>Parameter #1</th></tr><tr class="param stripe"><td>chrome</td></tr><tr><th>Exception</th></tr><tr><td><div class="stacktrace">java.lang.IllegalStateException: The driver executable does not exist: /Users/jay/eclipse-workspace/Smoke_test_Cases_Live/C:/Users/Administrator/Desktop/chromedriver.exe
	at com.google.common.base.Preconditions.checkState(Preconditions.java:585)
	at org.openqa.selenium.remote.service.DriverService.checkExecutable(DriverService.java:146)
	at org.openqa.selenium.remote.service.DriverService.findExecutable(DriverService.java:141)
	at org.openqa.selenium.chrome.ChromeDriverService.access$000(ChromeDriverService.java:35)
	at org.openqa.selenium.chrome.ChromeDriverService$Builder.findDefaultExecutable(ChromeDriverService.java:159)
	at org.openqa.selenium.remote.service.DriverService$Builder.build(DriverService.java:355)
	at org.openqa.selenium.chrome.ChromeDriverService.createDefaultService(ChromeDriverService.java:94)
	at org.openqa.selenium.chrome.ChromeDriver.&lt;init&gt;(ChromeDriver.java:123)
	at Stepdef.Popbitch.POPSMO12_State_Postcode_Required_when_US_Selected_on_regpage2.i_am_a_user_of_Axate_and_I_am_on_the_registration_page_through_popbitch_FUN(POPSMO12_State_Postcode_Required_when_US_Selected_on_regpage2.java:72)
... Removed 25 stack frames</div></td></tr></table><p class="totop"><a href="#summary">back to summary</a></p>
<h3 id="m28">Stepdef.Popbitch.POPSMO12_State_Postcode_Required_when_US_Selected_on_regpage2#i_select_country_as_United_states_from_the_drop_down_on_reg_page_two</h3><table class="result"><tr><th>Exception</th></tr><tr><td><div class="stacktrace">java.lang.NullPointerException
	at Elements.Register_Page_Elements1.select_country_US(Register_Page_Elements1.java:148)
	at Stepdef.Popbitch.POPSMO12_State_Postcode_Required_when_US_Selected_on_regpage2.i_select_country_as_United_states_from_the_drop_down_on_reg_page_two(POPSMO12_State_Postcode_Required_when_US_Selected_on_regpage2.java:122)
... Removed 25 stack frames</div></td></tr></table><p class="totop"><a href="#summary">back to summary</a></p>
<h3 id="m29">Stepdef.Popbitch.POPSMO12_State_Postcode_Required_when_US_Selected_on_regpage2#postcode_is_displayed</h3><table class="result"><tr><th>Exception</th></tr><tr><td><div class="stacktrace">java.lang.NullPointerException
	at Elements.Register_Page_Elements1.select_country_US(Register_Page_Elements1.java:148)
	at Stepdef.Popbitch.POPSMO12_State_Postcode_Required_when_US_Selected_on_regpage2.postcode_is_displayed(POPSMO12_State_Postcode_Required_when_US_Selected_on_regpage2.java:142)
... Removed 25 stack frames</div></td></tr></table><p class="totop"><a href="#summary">back to summary</a></p>
<h3 id="m30">Stepdef.Popbitch.POPSMO12_State_Postcode_Required_when_US_Selected_on_regpage2#state_is_displayed</h3><table class="result"><tr><th>Exception</th></tr><tr><td><div class="stacktrace">java.lang.NullPointerException
	at Elements.Register_Page_Elements1.select_country_US(Register_Page_Elements1.java:148)
	at Stepdef.Popbitch.POPSMO12_State_Postcode_Required_when_US_Selected_on_regpage2.state_is_displayed(POPSMO12_State_Postcode_Required_when_US_Selected_on_regpage2.java:131)
... Removed 25 stack frames</div></td></tr></table><p class="totop"><a href="#summary">back to summary</a></p>
<h3 id="m31">Stepdef.Popbitch.POPSMO13_Popbitch_User_Registers_with_Country_As_US#country_in_the_personal_information_page_in_the_account_page_is_united_states</h3><table class="result"><tr><th>Exception</th></tr><tr><td><div class="stacktrace">java.lang.NullPointerException
	at java.util.Objects.requireNonNull(Objects.java:203)
	at org.openqa.selenium.support.ui.FluentWait.&lt;init&gt;(FluentWait.java:106)
	at org.openqa.selenium.support.ui.WebDriverWait.&lt;init&gt;(WebDriverWait.java:85)
	at org.openqa.selenium.support.ui.WebDriverWait.&lt;init&gt;(WebDriverWait.java:45)
	at Elements.Wallet_Elements.Click_On_popbitch_staging_agate_poster(Wallet_Elements.java:36)
	at Stepdef.Popbitch.POPSMO13_Popbitch_User_Registers_with_Country_As_US.country_in_the_personal_information_page_in_the_account_page_is_united_states(POPSMO13_Popbitch_User_Registers_with_Country_As_US.java:151)
... Removed 25 stack frames</div></td></tr></table><p class="totop"><a href="#summary">back to summary</a></p>
<h3 id="m32">Stepdef.Popbitch.POPSMO13_Popbitch_User_Registers_with_Country_As_US#enter_valid_card_details</h3><table class="result"><tr><th>Exception</th></tr><tr><td><div class="stacktrace">java.lang.NullPointerException
	at java.util.Objects.requireNonNull(Objects.java:203)
	at org.openqa.selenium.support.ui.FluentWait.&lt;init&gt;(FluentWait.java:106)
	at org.openqa.selenium.support.ui.WebDriverWait.&lt;init&gt;(WebDriverWait.java:85)
	at org.openqa.selenium.support.ui.WebDriverWait.&lt;init&gt;(WebDriverWait.java:45)
	at Elements.Register_Page_Elements1.Registration_Step2_without_continue(Register_Page_Elements1.java:117)
	at Stepdef.Popbitch.POPSMO13_Popbitch_User_Registers_with_Country_As_US.enter_valid_card_details(POPSMO13_Popbitch_User_Registers_with_Country_As_US.java:113)
... Removed 25 stack frames</div></td></tr></table><p class="totop"><a href="#summary">back to summary</a></p>
<h3 id="m33">Stepdef.Popbitch.POPSMO13_Popbitch_User_Registers_with_Country_As_US#i_am_a_user_of_Axate_and_I_am_on_the_registration_page_through_popbitch_FUN</h3><table class="result"><tr class="param"><th>Parameter #1</th></tr><tr class="param stripe"><td>chrome</td></tr><tr><th>Exception</th></tr><tr><td><div class="stacktrace">java.lang.IllegalStateException: The driver executable does not exist: /Users/jay/eclipse-workspace/Smoke_test_Cases_Live/C:/Users/Administrator/Desktop/chromedriver.exe
	at com.google.common.base.Preconditions.checkState(Preconditions.java:585)
	at org.openqa.selenium.remote.service.DriverService.checkExecutable(DriverService.java:146)
	at org.openqa.selenium.remote.service.DriverService.findExecutable(DriverService.java:141)
	at org.openqa.selenium.chrome.ChromeDriverService.access$000(ChromeDriverService.java:35)
	at org.openqa.selenium.chrome.ChromeDriverService$Builder.findDefaultExecutable(ChromeDriverService.java:159)
	at org.openqa.selenium.remote.service.DriverService$Builder.build(DriverService.java:355)
	at org.openqa.selenium.chrome.ChromeDriverService.createDefaultService(ChromeDriverService.java:94)
	at org.openqa.selenium.chrome.ChromeDriver.&lt;init&gt;(ChromeDriver.java:123)
	at Stepdef.Popbitch.POPSMO13_Popbitch_User_Registers_with_Country_As_US.i_am_a_user_of_Axate_and_I_am_on_the_registration_page_through_popbitch_FUN(POPSMO13_Popbitch_User_Registers_with_Country_As_US.java:72)
... Removed 25 stack frames</div></td></tr></table><p class="totop"><a href="#summary">back to summary</a></p>
<h3 id="m34">Stepdef.Popbitch.POPSMO13_Popbitch_User_Registers_with_Country_As_US#i_enter_Zipcode</h3><table class="result"><tr><th>Exception</th></tr><tr><td><div class="stacktrace">java.lang.NullPointerException
	at java.util.Objects.requireNonNull(Objects.java:203)
	at org.openqa.selenium.support.ui.FluentWait.&lt;init&gt;(FluentWait.java:106)
	at org.openqa.selenium.support.ui.WebDriverWait.&lt;init&gt;(WebDriverWait.java:85)
	at org.openqa.selenium.support.ui.WebDriverWait.&lt;init&gt;(WebDriverWait.java:45)
	at Elements.Register_Page_Elements1.enter_zipcode_for_alaska(Register_Page_Elements1.java:192)
	at Stepdef.Popbitch.POPSMO13_Popbitch_User_Registers_with_Country_As_US.i_enter_Zipcode(POPSMO13_Popbitch_User_Registers_with_Country_As_US.java:141)
... Removed 25 stack frames</div></td></tr></table><p class="totop"><a href="#summary">back to summary</a></p>
<h3 id="m35">Stepdef.Popbitch.POPSMO13_Popbitch_User_Registers_with_Country_As_US#i_enter_state_as_Alaska</h3><table class="result"><tr><th>Exception</th></tr><tr><td><div class="stacktrace">java.lang.NullPointerException
	at java.util.Objects.requireNonNull(Objects.java:203)
	at org.openqa.selenium.support.ui.FluentWait.&lt;init&gt;(FluentWait.java:106)
	at org.openqa.selenium.support.ui.WebDriverWait.&lt;init&gt;(WebDriverWait.java:85)
	at org.openqa.selenium.support.ui.WebDriverWait.&lt;init&gt;(WebDriverWait.java:45)
	at Elements.Register_Page_Elements1.select_state_Alaska(Register_Page_Elements1.java:161)
	at Stepdef.Popbitch.POPSMO13_Popbitch_User_Registers_with_Country_As_US.i_enter_state_as_Alaska(POPSMO13_Popbitch_User_Registers_with_Country_As_US.java:133)
... Removed 25 stack frames</div></td></tr></table><p class="totop"><a href="#summary">back to summary</a></p>
<h3 id="m36">Stepdef.Popbitch.POPSMO13_Popbitch_User_Registers_with_Country_As_US#i_select_country_as_United_states_from_the_drop_down_on_reg_page_two</h3><table class="result"><tr><th>Exception</th></tr><tr><td><div class="stacktrace">java.lang.NullPointerException
	at Elements.Register_Page_Elements1.select_country_US(Register_Page_Elements1.java:148)
	at Stepdef.Popbitch.POPSMO13_Popbitch_User_Registers_with_Country_As_US.i_select_country_as_United_states_from_the_drop_down_on_reg_page_two(POPSMO13_Popbitch_User_Registers_with_Country_As_US.java:122)
... Removed 25 stack frames</div></td></tr></table><p class="totop"><a href="#summary">back to summary</a></p>
<h3 id="m37">Stepdef.Popbitch.POPSMO01_Popbitch_register_from_first_use_notice#i_enter_all_the_required_details_on_step_one_and_click_on_continue</h3><table class="result"><tr><th class="invisible"/></tr></table><p class="totop"><a href="#summary">back to summary</a></p>
<h3 id="m38">Stepdef.Popbitch.POPSMO02_Popbitch_register_from_wallet#i_enter_all_the_required_details_on_step_one_and_click_on_continue</h3><table class="result"><tr><th class="invisible"/></tr></table><p class="totop"><a href="#summary">back to summary</a></p>
<h3 id="m39">Stepdef.Popbitch.POPSMO03_Popbitch_register_from_login_page#i_enter_all_the_required_details_on_step_one_and_click_on_continue</h3><table class="result"><tr><th class="invisible"/></tr></table><p class="totop"><a href="#summary">back to summary</a></p>
<h3 id="m40">Stepdef.Popbitch.POPSMO05_Popbitch_Payment_system_loads_on_three_pounds#i_click_on_three_pounds_on_regpage_two</h3><table class="result"><tr><th class="invisible"/></tr></table><p class="totop"><a href="#summary">back to summary</a></p>
<h3 id="m41">Stepdef.Popbitch.POPSMO05_Popbitch_Payment_system_loads_on_three_pounds#i_enter_all_the_required_details_on_step_one_and_click_on_continue</h3><table class="result"><tr><th class="invisible"/></tr></table><p class="totop"><a href="#summary">back to summary</a></p>
<h3 id="m42">Stepdef.Popbitch.POPSMO10_Popbitch_Sucessful_user_registration_with_an_empty_wallet_on_skipping_payment#i_enter_all_the_required_details_on_step_one_and_click_on_continue</h3><table class="result"><tr><th class="invisible"/></tr></table><p class="totop"><a href="#summary">back to summary</a></p>
<h3 id="m43">Stepdef.Popbitch.POPSMO11_Axate_lets_user_select_their_country#i_click_on_one_pound_on_regpage_two</h3><table class="result"><tr><th class="invisible"/></tr></table><p class="totop"><a href="#summary">back to summary</a></p>
<h3 id="m44">Stepdef.Popbitch.POPSMO11_Axate_lets_user_select_their_country#i_enter_all_the_required_details_on_step_one_and_click_on_continue</h3><table class="result"><tr><th class="invisible"/></tr></table><p class="totop"><a href="#summary">back to summary</a></p>
<h3 id="m45">Stepdef.Popbitch.POPSMO12_State_Postcode_Required_when_US_Selected_on_regpage2#i_click_on_one_pound_on_regpage_two</h3><table class="result"><tr><th class="invisible"/></tr></table><p class="totop"><a href="#summary">back to summary</a></p>
<h3 id="m46">Stepdef.Popbitch.POPSMO12_State_Postcode_Required_when_US_Selected_on_regpage2#i_enter_all_the_required_details_on_step_one_and_click_on_continue</h3><table class="result"><tr><th class="invisible"/></tr></table><p class="totop"><a href="#summary">back to summary</a></p>
<h3 id="m47">Stepdef.Popbitch.POPSMO13_Popbitch_User_Registers_with_Country_As_US#i_click_on_one_pound_on_regpage_two</h3><table class="result"><tr><th class="invisible"/></tr></table><p class="totop"><a href="#summary">back to summary</a></p>
<h3 id="m48">Stepdef.Popbitch.POPSMO13_Popbitch_User_Registers_with_Country_As_US#i_enter_all_the_required_details_on_step_one_and_click_on_continue</h3><table class="result"><tr><th class="invisible"/></tr></table><p class="totop"><a href="#summary">back to summary</a></p>
</body>
</html>
