<?xml version="1.0" encoding="UTF-8"?>
<!-- Generated by org.testng.reporters.JUnitXMLReporter -->
<testsuite hostname="Jayarees-MacBook-Pro.local" ignored="0" name="Smoke Tests" tests="51" failures="2" timestamp="09 Dec 2019 12:04:14 GMT" time="510.89" errors="0">
  <testcase name="i_am_a_user_of_Axate_and_I_am_on_the_registration_page_through_popbitch_FUN" time="8.575" classname="Stepdef.Popbitch.POPSMO15_Wallet_balance_same_on_reading_article"/>
  <testcase name="i_register_successfully_on_popbitch_with_three_pound" time="26.086" classname="Stepdef.Popbitch.POPSMO15_Wallet_balance_same_on_reading_article"/>
  <testcase name="i_read_an_article_on_popbitch" time="14.085" classname="Stepdef.Popbitch.POPSMO15_Wallet_balance_same_on_reading_article"/>
  <testcase name="i_check_in_wallet_balance_on_popbitch" time="4.32" classname="Stepdef.Popbitch.POPSMO15_Wallet_balance_same_on_reading_article"/>
  <testcase name="i_navigate_to_reaction" time="3.213" classname="Stepdef.Popbitch.POPSMO15_Wallet_balance_same_on_reading_article"/>
  <testcase name="i_check_in_wallet_balance_on_reaction" time="4.203" classname="Stepdef.Popbitch.POPSMO15_Wallet_balance_same_on_reading_article"/>
  <testcase name="i_navigate_to_cricketer" time="3.012" classname="Stepdef.Popbitch.POPSMO15_Wallet_balance_same_on_reading_article"/>
  <testcase name="i_check_in_wallet_balance_on_cricketer" time="4.146" classname="Stepdef.Popbitch.POPSMO15_Wallet_balance_same_on_reading_article"/>
  <testcase name="i_navigate_to_cornwall" time="25.046" classname="Stepdef.Popbitch.POPSMO15_Wallet_balance_same_on_reading_article"/>
  <testcase name="i_check_in_wallet_balance_on_cornwall" time="4.143" classname="Stepdef.Popbitch.POPSMO15_Wallet_balance_same_on_reading_article"/>
  <testcase name="i_navigate_to_maidenhead" time="3.494" classname="Stepdef.Popbitch.POPSMO15_Wallet_balance_same_on_reading_article"/>
  <testcase name="i_check_in_wallet_balance_on_maidenhead" time="4.19" classname="Stepdef.Popbitch.POPSMO15_Wallet_balance_same_on_reading_article"/>
  <testcase name="i_navigate_to_slough" time="2.585" classname="Stepdef.Popbitch.POPSMO15_Wallet_balance_same_on_reading_article"/>
  <testcase name="i_check_in_wallet_balance_on_slough" time="4.134" classname="Stepdef.Popbitch.POPSMO15_Wallet_balance_same_on_reading_article"/>
  <testcase name="i_navigate_to_windsor" time="1.852" classname="Stepdef.Popbitch.POPSMO15_Wallet_balance_same_on_reading_article"/>
  <testcase name="i_check_in_wallet_balance_on_windsor" time="4.189" classname="Stepdef.Popbitch.POPSMO15_Wallet_balance_same_on_reading_article"/>
  <testcase name="i_navigate_to_grantham" time="3.958" classname="Stepdef.Popbitch.POPSMO15_Wallet_balance_same_on_reading_article"/>
  <testcase name="i_check_in_wallet_balance_on_grantham" time="4.441" classname="Stepdef.Popbitch.POPSMO15_Wallet_balance_same_on_reading_article"/>
  <testcase name="i_navigate_to_newbury" time="12.373" classname="Stepdef.Popbitch.POPSMO15_Wallet_balance_same_on_reading_article"/>
  <testcase name="i_check_in_wallet_balance_on_newbury" time="4.158" classname="Stepdef.Popbitch.POPSMO15_Wallet_balance_same_on_reading_article"/>
  <testcase name="i_navigate_to_scifi" time="2.932" classname="Stepdef.Popbitch.POPSMO15_Wallet_balance_same_on_reading_article"/>
  <testcase name="i_check_in_wallet_balance_on_scifi" time="9.856" classname="Stepdef.Popbitch.POPSMO15_Wallet_balance_same_on_reading_article"/>
  <testcase name="i_navigate_to_examiner" time="2.786" classname="Stepdef.Popbitch.POPSMO15_Wallet_balance_same_on_reading_article"/>
  <testcase name="i_check_in_wallet_balance_on_examiner" time="10.489" classname="Stepdef.Popbitch.POPSMO15_Wallet_balance_same_on_reading_article"/>
  <testcase name="the_wallet_balance_is_same_across_the_publications" time="0.403" classname="Stepdef.Popbitch.POPSMO15_Wallet_balance_same_on_reading_article"/>
  <testcase name="i_am_a_user_of_Axate_and_I_am_on_the_registration_page_through_popbitch_FUN" time="12.56" classname="Stepdef.Popbitch.POPSMO17_transaction_from_finish_notice"/>
  <testcase name="i_register_successfully_on_popbitch_with_one_pound" time="32.406" classname="Stepdef.Popbitch.POPSMO17_transaction_from_finish_notice"/>
  <testcase name="opt_just_charge_me_on_the_finish_notice_and_click_ok" time="8.062" classname="Stepdef.Popbitch.POPSMO17_transaction_from_finish_notice"/>
  <testcase name="twentyfivep_is_displayed_on_the_green_tab" time="2.652" classname="Stepdef.Popbitch.POPSMO17_transaction_from_finish_notice"/>
  <testcase name="wallet_balance_is_detucted_by_twentyfivep" time="13.397" classname="Stepdef.Popbitch.POPSMO17_transaction_from_finish_notice"/>
  <testcase name="free_point_is_detucted_by_twentyfivep" time="3.202" classname="Stepdef.Popbitch.POPSMO17_transaction_from_finish_notice"/>
  <testcase name="i_am_a_user_of_Axate_and_I_am_on_the_registration_page_through_popbitch_FUN" time="12.169" classname="Stepdef.Popbitch.POPSMO18_transaction_from_authorise_charge_notice"/>
  <testcase name="i_register_successfully_on_popbitch_with_one_pound" time="31.767" classname="Stepdef.Popbitch.POPSMO18_transaction_from_authorise_charge_notice"/>
  <testcase name="opt_just_charge_me_on_the_finish_notice_and_click_ok" time="0.116" classname="Stepdef.Popbitch.POPSMO18_transaction_from_authorise_charge_notice"/>
  <testcase name="click_ok_on_the_authorise_charge_notice" time="1.379" classname="Stepdef.Popbitch.POPSMO18_transaction_from_authorise_charge_notice"/>
  <testcase name="wallet_balance_is_detucted_by_twentyfivep" time="6.112" classname="Stepdef.Popbitch.POPSMO18_transaction_from_authorise_charge_notice"/>
  <testcase name="free_point_is_detucted_by_twentyfivep" time="4.156" classname="Stepdef.Popbitch.POPSMO18_transaction_from_authorise_charge_notice"/>
  <testcase name="full_article_is_displayed_to_the_user" time="0.046" classname="Stepdef.Popbitch.POPSMO18_transaction_from_authorise_charge_notice"/>
  <testcase name="i_am_a_user_of_Axate_and_I_am_on_the_registration_page_through_popbitch_FUN" time="9.536" classname="Stepdef.Popbitch.POPSMO19_transaction_from_newpublication_notice"/>
  <testcase name="i_register_successfully_on_popbitch_with_one_pound" time="31.0" classname="Stepdef.Popbitch.POPSMO19_transaction_from_newpublication_notice"/>
  <testcase name="click_ok_on_the_finish_notice" time="6.067" classname="Stepdef.Popbitch.POPSMO19_transaction_from_newpublication_notice"/>
  <testcase name="navigate_to_a_premium_article_on_newbury" time="1.809" classname="Stepdef.Popbitch.POPSMO19_transaction_from_newpublication_notice"/>
  <testcase name="opt_just_charge_me_on_the_newpublication_notice_and_click_ok" time="25.278" classname="Stepdef.Popbitch.POPSMO19_transaction_from_newpublication_notice"/>
  <testcase name="wallet_balance_is_detucted_by_twentyp" time="9.144" classname="Stepdef.Popbitch.POPSMO19_transaction_from_newpublication_notice"/>
  <testcase name="free_point_is_detucted_by_twentyfivep" time="7.144" classname="Stepdef.Popbitch.POPSMO19_transaction_from_newpublication_notice"/>
  <testcase name="full_article_is_displayed_to_the_user" time="4.054" classname="Stepdef.Popbitch.POPSMO19_transaction_from_newpublication_notice"/>
  <testcase name="i_am_a_user_of_Axate_and_I_am_on_the_registration_page_through_popbitch_FUN" time="18.59" classname="Stepdef.Popbitch.POPSMO20_Unread_Updates_On_Date_Wallet_Back"/>
  <testcase name="i_register_successfully_on_popbitch_with_one_pound" time="65.447" classname="Stepdef.Popbitch.POPSMO20_Unread_Updates_On_Date_Wallet_Back"/>
  <testcase name="i_open_the_wallet" time="11.552" classname="Stepdef.Popbitch.POPSMO20_Unread_Updates_On_Date_Wallet_Back"/>
  <testcase name="i_flip_the_wallet" time="2.183" classname="Stepdef.Popbitch.POPSMO20_Unread_Updates_On_Date_Wallet_Back">
    <failure type="org.openqa.selenium.WebDriverException" message="unknown error: Element is not clickable at point (-22, 403)
  (Session info: chrome=78.0.3904.108)
  (Driver info: chromedriver=2.43.600229 (3fae4d0cda5334b4f533bede5a4787f7b832d052),platform=Mac OS X 10.14.6 x86_64) (WARNING: The server did not provide any stacktrace information)
Command duration or timeout: 0 milliseconds
Build info: version: &amp;apos;3.141.59&amp;apos;, revision: &amp;apos;e82be7d358&amp;apos;, time: &amp;apos;2018-11-14T08:17:03&amp;apos;
System info: host: &amp;apos;Jayarees-MacBook-Pro.local&amp;apos;, ip: &amp;apos;fe80:0:0:0:cc0:cc2e:82f0:1a08%en0&amp;apos;, os.name: &amp;apos;Mac OS X&amp;apos;, os.arch: &amp;apos;x86_64&amp;apos;, os.version: &amp;apos;10.14.6&amp;apos;, java.version: &amp;apos;1.8.0_191&amp;apos;
Driver info: org.openqa.selenium.chrome.ChromeDriver
Capabilities {acceptInsecureCerts: false, acceptSslCerts: false, applicationCacheEnabled: false, browserConnectionEnabled: false, browserName: chrome, chrome: {chromedriverVersion: 2.43.600229 (3fae4d0cda5334..., userDataDir: /var/folders/s6/h3svzd2j4f3...}, cssSelectorsEnabled: true, databaseEnabled: false, goog:chromeOptions: {debuggerAddress: localhost:65089}, handlesAlerts: true, hasTouchScreen: false, javascriptEnabled: true, locationContextEnabled: true, mobileEmulationEnabled: false, nativeEvents: true, networkConnectionEnabled: false, pageLoadStrategy: normal, platform: MAC, platformName: MAC, rotatable: false, setWindowRect: true, takesHeapSnapshot: true, takesScreenshot: true, unexpectedAlertBehaviour: , unhandledPromptBehavior: , version: 78.0.3904.108, webStorageEnabled: true}
Session ID: 420432a241ee979db3fe3d89825f3a8f">
      <![CDATA[org.openqa.selenium.WebDriverException: unknown error: Element is not clickable at point (-22, 403)
  (Session info: chrome=78.0.3904.108)
  (Driver info: chromedriver=2.43.600229 (3fae4d0cda5334b4f533bede5a4787f7b832d052),platform=Mac OS X 10.14.6 x86_64) (WARNING: The server did not provide any stacktrace information)
Command duration or timeout: 0 milliseconds
Build info: version: '3.141.59', revision: 'e82be7d358', time: '2018-11-14T08:17:03'
System info: host: 'Jayarees-MacBook-Pro.local', ip: 'fe80:0:0:0:cc0:cc2e:82f0:1a08%en0', os.name: 'Mac OS X', os.arch: 'x86_64', os.version: '10.14.6', java.version: '1.8.0_191'
Driver info: org.openqa.selenium.chrome.ChromeDriver
Capabilities {acceptInsecureCerts: false, acceptSslCerts: false, applicationCacheEnabled: false, browserConnectionEnabled: false, browserName: chrome, chrome: {chromedriverVersion: 2.43.600229 (3fae4d0cda5334..., userDataDir: /var/folders/s6/h3svzd2j4f3...}, cssSelectorsEnabled: true, databaseEnabled: false, goog:chromeOptions: {debuggerAddress: localhost:65089}, handlesAlerts: true, hasTouchScreen: false, javascriptEnabled: true, locationContextEnabled: true, mobileEmulationEnabled: false, nativeEvents: true, networkConnectionEnabled: false, pageLoadStrategy: normal, platform: MAC, platformName: MAC, rotatable: false, setWindowRect: true, takesHeapSnapshot: true, takesScreenshot: true, unexpectedAlertBehaviour: , unhandledPromptBehavior: , version: 78.0.3904.108, webStorageEnabled: true}
Session ID: 420432a241ee979db3fe3d89825f3a8f
at org.openqa.selenium.remote.ErrorHandler.createThrowable(ErrorHandler.java:214)
at org.openqa.selenium.remote.ErrorHandler.throwIfResponseFailed(ErrorHandler.java:166)
at org.openqa.selenium.remote.http.JsonHttpResponseCodec.reconstructValue(JsonHttpResponseCodec.java:40)
at org.openqa.selenium.remote.http.AbstractHttpResponseCodec.decode(AbstractHttpResponseCodec.java:80)
at org.openqa.selenium.remote.http.AbstractHttpResponseCodec.decode(AbstractHttpResponseCodec.java:44)
at org.openqa.selenium.remote.HttpCommandExecutor.execute(HttpCommandExecutor.java:158)
at org.openqa.selenium.remote.service.DriverCommandExecutor.execute(DriverCommandExecutor.java:83)
at org.openqa.selenium.remote.RemoteWebDriver.execute(RemoteWebDriver.java:552)
at org.openqa.selenium.remote.RemoteExecuteMethod.execute(RemoteExecuteMethod.java:35)
at org.openqa.selenium.remote.RemoteMouse.mouseMove(RemoteMouse.java:89)
at org.openqa.selenium.interactions.MoveMouseAction.perform(MoveMouseAction.java:42)
at org.openqa.selenium.interactions.CompositeAction.perform(CompositeAction.java:34)
at org.openqa.selenium.interactions.Actions$BuiltAction.perform(Actions.java:642)
at org.openqa.selenium.interactions.Actions.perform(Actions.java:595)
at Elements.Wallet_Elements.flip_wallet(Wallet_Elements.java:75)
at Stepdef.Popbitch.POPSMO20_Unread_Updates_On_Date_Wallet_Back.i_flip_the_wallet(POPSMO20_Unread_Updates_On_Date_Wallet_Back.java:113)
... Removed 29 stack frames]]>
    </failure>
  </testcase> <!-- i_flip_the_wallet -->
  <testcase name="the_updates_on_date_on_the_back_of_the_wallet_is_sevendaysdays_from_current_datetime" time="22.302" classname="Stepdef.Popbitch.POPSMO20_Unread_Updates_On_Date_Wallet_Back">
    <failure type="org.openqa.selenium.TimeoutException" message="Expected condition failed: waiting for visibility of element located by By.id: iframe__wallet (tried for 20 second(s) with 500 milliseconds interval)">
      <![CDATA[org.openqa.selenium.TimeoutException: Expected condition failed: waiting for visibility of element located by By.id: iframe__wallet (tried for 20 second(s) with 500 milliseconds interval)
at org.openqa.selenium.support.ui.WebDriverWait.timeoutException(WebDriverWait.java:95)
at org.openqa.selenium.support.ui.FluentWait.until(FluentWait.java:272)
at Elements.Wallet_Elements.updates_on_date(Wallet_Elements.java:142)
at Stepdef.Popbitch.POPSMO20_Unread_Updates_On_Date_Wallet_Back.the_updates_on_date_on_the_back_of_the_wallet_is_sevendaysdays_from_current_datetime(POPSMO20_Unread_Updates_On_Date_Wallet_Back.java:120)
Caused by: org.openqa.selenium.NoSuchElementException: no such element: Unable to locate element: {"method":"id","selector":"iframe__wallet"}
  (Session info: chrome=78.0.3904.108)
  (Driver info: chromedriver=2.43.600229 (3fae4d0cda5334b4f533bede5a4787f7b832d052),platform=Mac OS X 10.14.6 x86_64) (WARNING: The server did not provide any stacktrace information)
Command duration or timeout: 0 milliseconds
For documentation on this error, please visit: https://www.seleniumhq.org/exceptions/no_such_element.html
Build info: version: '3.141.59', revision: 'e82be7d358', time: '2018-11-14T08:17:03'
System info: host: 'Jayarees-MacBook-Pro.local', ip: 'fe80:0:0:0:cc0:cc2e:82f0:1a08%en0', os.name: 'Mac OS X', os.arch: 'x86_64', os.version: '10.14.6', java.version: '1.8.0_191'
Driver info: org.openqa.selenium.chrome.ChromeDriver
Capabilities {acceptInsecureCerts: false, acceptSslCerts: false, applicationCacheEnabled: false, browserConnectionEnabled: false, browserName: chrome, chrome: {chromedriverVersion: 2.43.600229 (3fae4d0cda5334..., userDataDir: /var/folders/s6/h3svzd2j4f3...}, cssSelectorsEnabled: true, databaseEnabled: false, goog:chromeOptions: {debuggerAddress: localhost:65089}, handlesAlerts: true, hasTouchScreen: false, javascriptEnabled: true, locationContextEnabled: true, mobileEmulationEnabled: false, nativeEvents: true, networkConnectionEnabled: false, pageLoadStrategy: normal, platform: MAC, platformName: MAC, rotatable: false, setWindowRect: true, takesHeapSnapshot: true, takesScreenshot: true, unexpectedAlertBehaviour: , unhandledPromptBehavior: , version: 78.0.3904.108, webStorageEnabled: true}
Session ID: 420432a241ee979db3fe3d89825f3a8f
*** Element info: {Using=id, value=iframe__wallet}
at org.openqa.selenium.remote.ErrorHandler.createThrowable(ErrorHandler.java:214)
at org.openqa.selenium.remote.ErrorHandler.throwIfResponseFailed(ErrorHandler.java:166)
at org.openqa.selenium.remote.http.JsonHttpResponseCodec.reconstructValue(JsonHttpResponseCodec.java:40)
at org.openqa.selenium.remote.http.AbstractHttpResponseCodec.decode(AbstractHttpResponseCodec.java:80)
at org.openqa.selenium.remote.http.AbstractHttpResponseCodec.decode(AbstractHttpResponseCodec.java:44)
at org.openqa.selenium.remote.HttpCommandExecutor.execute(HttpCommandExecutor.java:158)
at org.openqa.selenium.remote.service.DriverCommandExecutor.execute(DriverCommandExecutor.java:83)
at org.openqa.selenium.remote.RemoteWebDriver.execute(RemoteWebDriver.java:552)
at org.openqa.selenium.remote.RemoteWebDriver.findElement(RemoteWebDriver.java:323)
at org.openqa.selenium.remote.RemoteWebDriver.findElementById(RemoteWebDriver.java:372)
at org.openqa.selenium.By$ById.findElement(By.java:188)
at org.openqa.selenium.remote.RemoteWebDriver.findElement(RemoteWebDriver.java:315)
at org.openqa.selenium.support.ui.ExpectedConditions$7.apply(ExpectedConditions.java:205)
at org.openqa.selenium.support.ui.ExpectedConditions$7.apply(ExpectedConditions.java:201)
at org.openqa.selenium.support.ui.FluentWait.until(FluentWait.java:249)
... 27 more
... Removed 28 stack frames]]>
    </failure>
  </testcase> <!-- the_updates_on_date_on_the_back_of_the_wallet_is_sevendaysdays_from_current_datetime -->
</testsuite> <!-- Smoke Tests -->
